2018-09-25 10:42:32,259  INFO [main] Log:15 - Starting Test....
 2018-09-25 10:50:04,657  INFO [main] Log:15 - Starting Test....
 2018-09-25 10:51:05,608  INFO [main] Log:15 - Starting Test....
 2018-09-25 11:07:03,821  INFO [main] Log:15 - Starting Test....
 2018-09-25 11:09:01,083  INFO [main] Log:15 - Starting Test....
 2018-09-25 11:09:17,588  INFO [main] Log:15 - Starting Test....
 2018-09-25 14:55:05,189  INFO [PoolService-0] Log:15 - Automation Name is : uiautomator2
 2018-09-25 15:05:56,866  INFO [PoolService-1] Log:15 - Intiated Sample Method...
 2018-09-25 15:05:56,873  INFO [PoolService-1] Log:15 - Param Constructor..
 2018-09-25 15:06:50,581  INFO [PoolService-0] Log:15 - Intiated Sample Method...
 2018-09-25 15:06:50,581  INFO [PoolService-0] Log:15 - Param Constructor..
 2018-09-25 15:09:05,738  INFO [PoolService-1] Log:15 - Automation Name is : xcuitest
 2018-09-25 15:20:38,534  INFO [PoolService-0] Log:15 - Intiated Sample Method...
 2018-09-25 15:20:38,538  INFO [PoolService-0] Log:15 - Param Constructor..
 2018-09-25 15:26:27,383  INFO [PoolService-0] Log:15 - Automation Name is : xcuitest
 2018-09-25 15:40:04,335  INFO [PoolService-0] Log:15 - Automation Name is : xcuitest
 2018-09-25 15:40:38,513  INFO [PoolService-0] Log:15 - Automation Name is : xcuitest
 2018-09-25 15:41:28,571  INFO [PoolService-0] Log:15 - Intiated Sample Method...
 2018-09-25 15:41:28,573  INFO [PoolService-0] Log:15 - Param Constructor..
 2018-09-25 15:44:39,616  INFO [PoolService-0] Log:15 - Automation Name is : xcuitest
 2018-09-25 15:56:37,769  INFO [PoolService-0] Log:15 - Automation Name is : xcuitest
 2018-09-25 16:00:07,324  INFO [PoolService-0] Log:15 - Automation Name is : xcuitest
 2018-09-25 16:00:50,563  INFO [PoolService-0] Log:15 - Intiated Sample Method...
 2018-09-25 16:00:50,566  INFO [PoolService-0] Log:15 - Param Constructor..
 2018-09-25 16:04:13,702  INFO [PoolService-0] Log:15 - Automation Name is : xcuitest
 2018-09-25 16:04:54,556  INFO [PoolService-0] Log:15 - Intiated Sample Method...
 2018-09-25 16:04:54,561  INFO [PoolService-0] Log:15 - Param Constructor..
 2018-09-25 16:13:40,181  INFO [PoolService-0] Log:15 - Automation Name is : xcuitest
 2018-09-25 16:14:21,317  INFO [PoolService-0] Log:15 - Intiated Sample Method...
 2018-09-25 16:14:21,320  INFO [PoolService-0] Log:15 - Param Constructor..
 2018-09-25 16:16:28,194  INFO [PoolService-0] Log:15 - Automation Name is : xcuitest
 2018-09-25 16:17:09,434  INFO [PoolService-0] Log:15 - Intiated Sample Method...
 2018-09-25 16:17:09,436  INFO [PoolService-0] Log:15 - Param Constructor..
 2018-09-25 16:24:12,335  INFO [PoolService-0] Log:15 - Automation Name is : xcuitest
 2018-09-25 16:24:54,018  INFO [PoolService-0] Log:15 - Intiated Sample Method...
 2018-09-25 16:24:54,023  INFO [PoolService-0] Log:15 - Param Constructor..
 2018-09-25 16:30:55,448  INFO [PoolService-0] Log:15 - Intiated Sample Method...
 2018-09-25 16:30:55,454  INFO [PoolService-0] Log:15 - Param Constructor..
 2018-09-25 16:33:18,170  INFO [PoolService-1] Log:15 - Automation Name is : xcuitest
 2018-09-25 16:34:44,850  INFO [PoolService-1] Log:15 - Intiated Sample Method...
 2018-09-25 16:34:44,856  INFO [PoolService-1] Log:15 - Param Constructor..
 2018-09-25 16:47:13,221  INFO [PoolService-1] Log:15 - Automation Name is : xcuitest
 2018-09-25 16:48:25,162  INFO [PoolService-0] Log:15 - Intiated Sample Method...
 2018-09-25 16:48:25,166  INFO [PoolService-0] Log:15 - Param Constructor..
 2018-09-25 16:56:24,479  INFO [PoolService-1] Log:15 - Automation Name is : xcuitest
 2018-09-25 16:56:24,479  INFO [PoolService-0] Log:15 - Automation Name is : uiautomator2
 2018-09-25 16:58:23,347  INFO [PoolService-1] Log:15 - Intiated Sample Method...
 2018-09-25 16:58:23,351  INFO [PoolService-1] Log:15 - Param Constructor..
 2018-09-25 17:43:03,751  INFO [PoolService-0] Log:15 - Intiated Sample Method...
 2018-09-25 17:43:03,762  INFO [PoolService-0] Log:15 - Param Constructor..
 2018-09-25 17:53:39,431  INFO [PoolService-0] Log:15 - Intiated Sample Method...
 2018-09-25 17:53:39,444  INFO [PoolService-0] Log:15 - Param Constructor..
 2018-09-25 17:53:43,372  INFO [PoolService-1] Log:15 - Intiated Sample Method...
 2018-09-25 17:53:43,372  INFO [PoolService-1] Log:15 - Param Constructor..
 2018-09-25 17:59:45,299  INFO [PoolService-0] Log:15 - Intiated Sample Method...
 2018-09-25 17:59:45,311  INFO [PoolService-0] Log:15 - Param Constructor..
 2018-09-25 17:59:49,067  INFO [PoolService-1] Log:15 - Intiated Sample Method...
 2018-09-25 17:59:49,067  INFO [PoolService-1] Log:15 - Param Constructor..
 2018-09-25 18:10:27,580  INFO [PoolService-0] Log:15 - Intiated Sample Method...
 2018-09-25 18:10:27,591  INFO [PoolService-0] Log:15 - Param Constructor..
 2018-09-25 18:17:54,304  INFO [PoolService-1] Log:15 - Intiated Sample Method...
 2018-09-25 18:17:54,312  INFO [PoolService-1] Log:15 - Param Constructor..
 2018-09-25 18:19:03,854  INFO [PoolService-0] Log:15 - Intiated Sample Method...
 2018-09-25 18:19:03,856  INFO [PoolService-0] Log:15 - Param Constructor..
 2018-09-25 18:22:34,851  INFO [PoolService-1] Log:15 - Intiated Sample Method...
 2018-09-25 18:22:34,858  INFO [PoolService-1] Log:15 - Param Constructor..
 2018-09-25 18:24:45,273  INFO [PoolService-0] Log:15 - Intiated Sample Method...
 2018-09-25 18:24:45,275  INFO [PoolService-0] Log:15 - Param Constructor..
 2018-09-25 18:31:44,036  INFO [PoolService-0] Log:15 - Intiated Sample Method...
 2018-09-25 18:31:44,044  INFO [PoolService-0] Log:15 - Param Constructor..
 2018-09-25 18:31:44,767  INFO [PoolService-1] Log:15 - Intiated Sample Method...
 2018-09-25 18:31:44,767  INFO [PoolService-1] Log:15 - Param Constructor..
 2018-09-25 18:47:14,225  INFO [PoolService-0] Log:15 - Intiated Sample Method...
 2018-09-25 18:47:14,232  INFO [PoolService-0] Log:15 - Param Constructor..
 2018-09-25 18:48:26,988  INFO [PoolService-1] Log:15 - Intiated Sample Method...
 2018-09-25 18:48:26,988  INFO [PoolService-1] Log:15 - Param Constructor..
 2018-09-25 18:51:49,702  INFO [PoolService-0] Log:15 - Intiated Sample Method...
 2018-09-25 18:51:49,711  INFO [PoolService-0] Log:15 - Param Constructor..
 2018-09-25 21:28:14,118  INFO [PoolService-0] Log:15 - Intiated Sample Method...
 2018-09-25 21:28:14,137  INFO [PoolService-0] Log:15 - Param Constructor..
 2018-09-25 21:30:15,039  INFO [PoolService-1] Log:15 - Intiated Sample Method...
 2018-09-25 21:30:15,055  INFO [PoolService-1] Log:15 - Param Constructor..
 2018-09-25 21:30:15,826  INFO [PoolService-0] Log:15 - Intiated Sample Method...
 2018-09-25 21:30:15,826  INFO [PoolService-0] Log:15 - Param Constructor..
 2018-09-25 21:35:51,263  INFO [PoolService-1] Log:15 - Intiated Sample Method...
 2018-09-25 21:35:51,263  INFO [PoolService-0] Log:15 - Intiated Sample Method...
 2018-09-25 21:35:51,286  INFO [PoolService-0] Log:15 - Param Constructor..
 2018-09-25 21:35:51,286  INFO [PoolService-1] Log:15 - Param Constructor..
 2018-09-25 21:40:25,374  INFO [PoolService-0] Log:15 - Intiated Sample Method...
 2018-09-25 21:40:25,397  INFO [PoolService-0] Log:15 - Param Constructor..
 2018-09-25 21:40:26,147  INFO [PoolService-1] Log:15 - Intiated Sample Method...
 2018-09-25 21:40:26,147  INFO [PoolService-1] Log:15 - Param Constructor..
 2018-09-25 21:41:25,759  INFO [PoolService-0] Log:15 - Intiated Sample Method...
 2018-09-25 21:41:25,775  INFO [PoolService-0] Log:15 - Param Constructor..
 2018-09-25 21:41:26,523  INFO [PoolService-1] Log:15 - Intiated Sample Method...
 2018-09-25 21:41:26,523  INFO [PoolService-1] Log:15 - Param Constructor..
 2018-09-25 21:42:33,459  INFO [PoolService-1] Log:15 - Intiated Sample Method...
 2018-09-25 21:42:33,479  INFO [PoolService-1] Log:15 - Param Constructor..
 2018-09-25 21:42:34,221  INFO [PoolService-0] Log:15 - Intiated Sample Method...
 2018-09-25 21:42:34,221  INFO [PoolService-0] Log:15 - Param Constructor..
 2018-09-25 21:45:32,705  INFO [PoolService-1] Log:15 - Intiated Sample Method...
 2018-09-25 21:45:32,724  INFO [PoolService-1] Log:15 - Param Constructor..
 2018-09-25 21:45:33,473  INFO [PoolService-0] Log:15 - Intiated Sample Method...
 2018-09-25 21:45:33,474  INFO [PoolService-0] Log:15 - Param Constructor..
 2018-09-26 10:11:58,663  INFO [main] Log:15 - Starting Test....
 2018-09-26 10:15:33,392  INFO [PoolService-1] Log:15 - Intiated Sample Method...
 2018-09-26 10:15:33,398  INFO [PoolService-1] Log:15 - Param Constructor..
 2018-09-26 10:15:34,330  INFO [PoolService-0] Log:15 - Intiated Sample Method...
 2018-09-26 10:15:34,330  INFO [PoolService-0] Log:15 - Param Constructor..
 2018-09-26 10:15:50,463  INFO [main] Log:15 - Starting Test....
 2018-09-26 10:22:14,672  INFO [main] Log:15 - Starting Test....
 2018-09-26 10:52:40,137  INFO [main] Log:15 - Starting Test....
 2018-09-26 10:59:25,897  INFO [main] Log:15 - Starting Test....
 2018-09-26 11:13:05,153  INFO [main] Log:15 - Starting Test....
 2018-09-26 11:13:56,471  INFO [main] Log:15 - Starting Test....
 2018-09-26 11:20:48,512  INFO [main] Log:15 - Starting Test....
 2018-09-26 11:26:36,878  INFO [PoolService-0] Log:15 - Intiated Sample Method...
 2018-09-26 11:26:36,880  INFO [PoolService-1] Log:15 - Intiated Sample Method...
 2018-09-26 11:26:36,885  INFO [PoolService-0] Log:15 - Param Constructor..
 2018-09-26 11:26:36,885  INFO [PoolService-1] Log:15 - Param Constructor..
 2018-09-26 11:30:52,493  INFO [PoolService-0] Log:15 - Intiated Sample Method...
 2018-09-26 11:30:52,500  INFO [PoolService-0] Log:15 - Param Constructor..
 2018-09-26 11:31:34,891  INFO [PoolService-0] Log:15 - Intiated Sample Method...
 2018-09-26 11:31:34,899  INFO [PoolService-0] Log:15 - Param Constructor..
 2018-09-26 11:32:42,039  INFO [PoolService-0] Log:15 - Intiated Sample Method...
 2018-09-26 11:32:42,042  INFO [PoolService-1] Log:15 - Intiated Sample Method...
 2018-09-26 11:32:42,046  INFO [PoolService-0] Log:15 - Param Constructor..
 2018-09-26 11:32:42,046  INFO [PoolService-1] Log:15 - Param Constructor..
 2018-09-26 11:41:51,394  INFO [PoolService-1] Log:15 - Intiated Sample Method...
 2018-09-26 11:41:51,401  INFO [PoolService-1] Log:15 - Param Constructor..
 2018-09-26 11:45:52,874  INFO [PoolService-0] Log:15 - Intiated Sample Method...
 2018-09-26 11:45:52,875  INFO [PoolService-0] Log:15 - Param Constructor..
 2018-09-26 11:45:56,759  INFO [PoolService-1] Log:15 - Intiated Sample Method...
 2018-09-26 11:45:56,770  INFO [PoolService-1] Log:15 - Param Constructor..
 2018-09-26 11:46:26,687  INFO [PoolService-0] Log:15 - Intiated Sample Method...
 2018-09-26 11:46:26,687  INFO [PoolService-0] Log:15 - Param Constructor..
 2018-09-26 11:47:32,201  INFO [PoolService-1] Log:15 - Intiated Sample Method...
 2018-09-26 11:47:32,210  INFO [PoolService-1] Log:15 - Param Constructor..
 2018-09-26 11:47:47,131  INFO [PoolService-0] Log:15 - Intiated Sample Method...
 2018-09-26 11:47:47,132  INFO [PoolService-0] Log:15 - Param Constructor..
 2018-09-26 13:26:48,462  INFO [main] Log:15 - Starting Test....
 2018-09-26 13:51:09,819  INFO [main] Log:15 - Starting Test....
 2018-09-26 13:51:46,763  INFO [main] Log:15 - Starting Test....
 2018-09-26 13:52:38,986  INFO [main] Log:15 - Starting Test....
 2018-09-26 13:54:01,807  INFO [main] Log:15 - Starting Test....
 2018-09-26 13:54:51,926  INFO [main] Log:15 - Starting Test....
 2018-09-26 13:57:01,924  INFO [main] Log:15 - Starting Test....
 2018-09-26 14:10:15,359  INFO [main] Log:15 - Starting Test....
 2018-09-26 14:10:44,023  INFO [main] Log:15 - Starting Test....
 2018-09-26 14:11:22,074  INFO [main] Log:15 - Starting Test....
 2018-09-26 14:13:07,786  INFO [main] Log:15 - Starting Test....
 2018-09-26 14:13:34,123  INFO [main] Log:15 - Starting Test....
 2018-09-26 14:25:31,909  INFO [main] Log:15 - Starting Test....
 2018-09-28 13:00:01,780  INFO [main] Log:15 - Inside a Suite...
 2018-09-28 13:00:01,789  INFO [main] Log:15 - Param Constructor..
 2018-09-28 13:00:01,789  INFO [main] Log:15 - Intiated Sample Method...
 2018-09-28 13:00:27,848  INFO [main] Log:15 - Clicked on Mobile Element Yes
 2018-09-28 13:00:29,666  INFO [main] Log:15 - Closing the driver instance...
 2018-09-28 16:45:19,092  INFO [main] Log:15 - **In on Start stage of Listener::..
 2018-09-28 16:47:56,921  INFO [main] Log:15 - Param Constructor..
 2018-09-28 16:47:56,924  INFO [main] Log:15 - Intiated Method to verify welcome screen..
 2018-09-28 16:56:39,465  INFO [main] Log:15 - Intiated Method to Launch the application..
 2018-09-28 16:56:39,467  INFO [main] Log:15 - Intiated Method to Launch the application on Saucelabs...
 2018-09-28 16:57:35,388  INFO [main] Log:15 - Intiated Method to Launch the application on Saucelabs...
 2018-09-28 16:58:50,842  INFO [main] Log:15 - Param Constructor..
 2018-09-28 16:58:50,854  INFO [main] Log:15 - Intiated Method to verify welcome screen..
 2018-09-28 16:58:56,626  INFO [main] Log:15 - Status of headerTxt is true
 2018-09-28 16:59:01,437  INFO [main] Log:15 - Status of subTxt_AreYouAnABO is true
 2018-09-28 16:59:06,451  INFO [main] Log:15 - Status of btnYes is true
 2018-09-28 16:59:13,149  INFO [main] Log:15 - Status of btnNO is true
 2018-09-28 16:59:13,156  INFO [main] Log:15 - Intiated method to click on No button in welcome screen..
 2018-09-28 16:59:13,156  INFO [main] Log:15 - Intiated Method to click on Element :: NoButton
 2018-09-28 16:59:22,266  INFO [main] Log:15 - Closing the driver instance...
 2018-09-28 17:31:42,131  INFO [main] Log:15 - Intiated Method to Launch the application on Saucelabs...
 2018-09-28 17:32:46,656  INFO [main] Log:15 - Param Constructor..
 2018-09-28 17:32:46,671  INFO [main] Log:15 - Intiated Method to verify welcome screen..
 2018-09-28 17:32:52,245  INFO [main] Log:15 - Status of headerTxt is true
 2018-09-28 17:32:57,943  INFO [main] Log:15 - Status of subTxt_AreYouAnABO is true
 2018-09-28 17:33:03,676  INFO [main] Log:15 - Status of btnYes is true
 2018-09-28 17:33:08,485  INFO [main] Log:15 - Status of btnNO is true
 2018-09-28 17:33:08,490  INFO [main] Log:15 - Intiated method to click on No button in welcome screen..
 2018-09-28 17:33:08,490  INFO [main] Log:15 - Intiated Method to click on Element :: NoButton
 2018-09-28 17:33:14,535  INFO [main] Log:15 - Closing the driver instance...
 2018-09-28 17:40:56,250  INFO [main] Log:15 - Intiated Method to Launch the application on Saucelabs...
 2018-09-28 17:42:06,974  INFO [main] Log:15 - Param Constructor..
 2018-09-28 17:42:06,980  INFO [main] Log:15 - Intiated Method to verify welcome screen..
 2018-09-28 17:42:11,683  INFO [main] Log:15 - Status of headerTxt is true
 2018-09-28 17:42:16,822  INFO [main] Log:15 - Status of subTxt_AreYouAnABO is true
 2018-09-28 17:42:21,647  INFO [main] Log:15 - Status of btnYes is true
 2018-09-28 17:42:26,728  INFO [main] Log:15 - Status of btnNO is true
 2018-09-28 17:42:26,732  INFO [main] Log:15 - Intiated method to click on No button in welcome screen..
 2018-09-28 17:42:26,733  INFO [main] Log:15 - Intiated Method to click on Element :: NoButton
 2018-09-28 17:42:33,311  INFO [main] Log:15 - Closing the driver instance...
 2018-09-28 18:10:02,290  INFO [main] Log:15 - Intiated Method to Launch the application on Saucelabs...
 2018-09-28 18:10:53,457  INFO [main] Log:15 - Param Constructor..
 2018-09-28 18:10:53,461  INFO [main] Log:15 - Intiated Method to verify welcome screen..
 2018-09-28 18:11:00,060  INFO [main] Log:15 - Status of headerTxt is true
 2018-09-28 18:11:07,744  INFO [main] Log:15 - Status of subTxt_AreYouAnABO is true
 2018-09-28 18:11:12,457  INFO [main] Log:15 - Status of btnYes is true
 2018-09-28 18:11:16,854  INFO [main] Log:15 - Status of btnNO is true
 2018-09-28 18:11:16,857  INFO [main] Log:15 - Intiated method to click on No button in welcome screen..
 2018-09-28 18:11:16,857  INFO [main] Log:15 - Intiated Method to click on Element :: NoButton
 2018-09-28 18:18:17,170  INFO [main] Log:15 - Intiated Method to Launch the application on Saucelabs...
 2018-09-28 18:19:35,099  INFO [main] Log:15 - Param Constructor..
 2018-09-28 18:19:35,102  INFO [main] Log:15 - Intiated Method to verify welcome screen..
 2018-09-28 18:19:41,882  INFO [main] Log:15 - Status of headerTxt is true
 2018-09-28 18:19:47,513  INFO [main] Log:15 - Status of subTxt_AreYouAnABO is true
 2018-09-28 18:19:52,563  INFO [main] Log:15 - Status of btnYes is true
 2018-09-28 18:19:58,261  INFO [main] Log:15 - Status of btnNO is true
 2018-09-28 18:19:58,265  INFO [main] Log:15 - Intiated method to click on No button in welcome screen..
 2018-09-28 18:19:58,266  INFO [main] Log:15 - Intiated Method to click on Element :: NoButton
 2018-09-28 18:20:05,225  INFO [main] Log:15 - Param Constructor..
 2018-09-28 18:20:05,225  INFO [main] Log:15 - Intiated method to verify select your profile screen...
 2018-09-28 18:20:13,416  INFO [main] Log:15 - Status of headerTxt is false
 2018-09-28 18:20:18,982  INFO [main] Log:15 - Closing the driver instance...
 2018-09-28 18:23:44,185  INFO [main] Log:15 - Intiated Method to Launch the application on Saucelabs...
 2018-09-28 18:24:41,760  INFO [main] Log:15 - Param Constructor..
 2018-09-28 18:24:41,764  INFO [main] Log:15 - Intiated Method to verify welcome screen..
 2018-09-28 18:24:45,588  INFO [main] Log:15 - Status of headerTxt is true
 2018-09-28 18:24:50,093  INFO [main] Log:15 - Status of subTxt_AreYouAnABO is true
 2018-09-28 18:24:55,731  INFO [main] Log:15 - Status of btnYes is true
 2018-09-28 18:24:59,925  INFO [main] Log:15 - Status of btnNO is true
 2018-09-28 18:24:59,933  INFO [main] Log:15 - Intiated method to click on No button in welcome screen..
 2018-09-28 18:24:59,935  INFO [main] Log:15 - Intiated Method to click on Element :: NoButton
 2018-09-28 18:25:07,410  INFO [main] Log:15 - Param Constructor..
 2018-09-28 18:25:07,413  INFO [main] Log:15 - Intiated method to verify select your profile screen...
 2018-09-28 18:25:15,184  INFO [main] Log:15 - Status of headerTxt is true
 2018-09-28 18:25:19,536  INFO [main] Log:15 - Closing the driver instance...
 2018-09-28 18:29:52,700  INFO [main] Log:15 - Intiated Method to Launch the application on Saucelabs...
 2018-09-28 18:31:01,365  INFO [main] Log:15 - Param Constructor..
 2018-09-28 18:31:01,366  INFO [main] Log:15 - Param Constructor..
 2018-09-28 18:31:01,369  INFO [main] Log:15 - Intiated Method to verify welcome screen..
 2018-09-28 18:31:09,581  INFO [main] Log:15 - Status of headerTxt is true
 2018-09-28 18:31:16,439  INFO [main] Log:15 - Status of subTxt_AreYouAnABO is true
 2018-09-28 18:31:21,354  INFO [main] Log:15 - Status of btnYes is true
 2018-09-28 18:31:26,371  INFO [main] Log:15 - Intiated method to verify select your profile screen...
 2018-09-28 18:31:31,233  INFO [main] Log:15 - Status of headerTxt is true
 2018-09-28 18:32:33,134  INFO [main] Log:15 - Closing the driver instance...
 2018-09-28 18:42:02,202  INFO [main] Log:15 - Intiated Method to Launch the application on Saucelabs...
 2018-09-28 18:42:59,141  INFO [main] Log:15 - Param Constructor..
 2018-09-28 18:42:59,142  INFO [main] Log:15 - Param Constructor..
 2018-09-28 18:42:59,147  INFO [main] Log:15 - Intiated Method to verify welcome screen..
 2018-09-28 18:43:03,901  INFO [main] Log:15 - Status of headerTxt is true
 2018-09-28 18:43:09,946  INFO [main] Log:15 - Status of subTxt_AreYouAnABO is true
 2018-09-28 18:43:15,063  INFO [main] Log:15 - Status of btnYes is true
 2018-09-28 18:43:21,005  INFO [main] Log:15 - Intiated method to verify select your profile screen...
 2018-09-28 18:43:26,327  INFO [main] Log:15 - Status of headerTxt is ::true
 2018-09-28 18:44:27,148  INFO [main] Log:15 - Closing the driver instance...
 2018-09-28 18:46:08,933  INFO [main] Log:15 - **In on Start stage of Listener::..
 2018-09-28 18:46:08,938  INFO [main] Log:15 - Report path File from DB is:
 2018-09-28 18:46:08,938  INFO [main] Log:15 - Config File path from DB is:./Reports/ExtentReports/extent-config.xml
 2018-09-28 18:46:08,938  INFO [main] Log:15 - Type of application is::Mobile
 2018-09-28 18:46:08,939  INFO [main] Log:15 - Mobile device ID is::1
 2018-09-28 18:46:08,939  INFO [main] Log:15 - Mobile device OS is::Android
 2018-09-28 18:46:08,940  INFO [main] Log:15 - Mobile device id is::Android
 2018-09-28 18:46:08,940  INFO [main] Log:15 - ReportDir:Android_Android
 2018-09-28 18:46:09,205  INFO [main] Log:15 - Excel Report Directory is : 
 2018-09-28 18:46:09,206 ERROR [main] Log:23 - File not foudn to write the test result data..
 2018-09-28 18:46:09,223  INFO [main] Log:15 - Intiated Method to Launch the application on Saucelabs...
 2018-09-28 18:47:00,417  INFO [main] Log:15 - Param Constructor..
 2018-09-28 18:47:00,429  INFO [main] Log:15 - Param Constructor..
 2018-09-28 18:47:00,430  INFO [main] Log:15 - In Test Start state of Listener:...
 2018-09-28 18:47:00,430  INFO [main] Log:15 - The name of the testcase Started is :VerifyWelcomePage
 2018-09-28 18:47:00,430  INFO [main] Log:15 - Intiated Method to verify welcome screen..
 2018-09-28 18:47:05,560  INFO [main] Log:15 - Status of headerTxt is true
 2018-09-28 18:47:10,888  INFO [main] Log:15 - Status of subTxt_AreYouAnABO is true
 2018-09-28 18:47:15,796  INFO [main] Log:15 - Status of btnYes is true
 2018-09-28 18:47:22,357  INFO [main] Log:15 - The name of the testcase failed is :VerifyWelcomePage
 2018-09-28 18:47:22,366  INFO [main] Log:15 - Intiated method to capture screen shot after Test FAIL
 2018-09-28 18:47:23,382  INFO [main] Log:15 - ****Mobile Driver instance in screenshot is........:Android: null
 2018-09-28 18:47:43,134  INFO [main] Log:15 - Source file isC:\Users\KIT966\AppData\Local\Temp\screenshot3118787092577517927.png
 2018-09-28 18:47:43,135  INFO [main] Log:15 - ****Dest Fail Directory from DB is****::
 2018-09-28 18:47:43,136  INFO [main] Log:15 - @@destDir Location is@@::D:\Workspace\sauceLabsSample\sauceLabs/Reports/Screenshots/Failures/Android_Android/28-09-2018
 2018-09-28 18:47:43,154  INFO [main] Log:15 - Screenshot location is:D:\Workspace\sauceLabsSample\sauceLabs/Reports/Screenshots/Failures/Android_Android/28-09-2018/WelcomeScreenSuite.VerifyWelcomePage - 28-Sep-2018__06_47_43PM.jpg
 2018-09-28 18:47:43,218  INFO [main] Log:15 - The name of the testcase failed is :VerifyWelcomePage
 2018-09-28 18:47:43,218  INFO [main] Log:15 - Intiated method to capture screen shot after Test FAIL
 2018-09-28 18:47:44,575  INFO [main] Log:15 - ****Mobile Driver instance in screenshot is........:Android: null
 2018-09-28 18:48:05,151  INFO [main] Log:15 - Source file isC:\Users\KIT966\AppData\Local\Temp\screenshot5429323850076746546.png
 2018-09-28 18:48:05,152  INFO [main] Log:15 - ****Dest Fail Directory from DB is****::
 2018-09-28 18:48:05,152  INFO [main] Log:15 - @@destDir Location is@@::D:\Workspace\sauceLabsSample\sauceLabs/Reports/Screenshots/Failures/Android_Android/28-09-2018
 2018-09-28 18:48:05,152  INFO [main] Log:15 - Screenshot location is:D:\Workspace\sauceLabsSample\sauceLabs/Reports/Screenshots/Failures/Android_Android/28-09-2018/WelcomeScreenSuite.VerifyWelcomePage - 28-Sep-2018__06_48_05PM.jpg
 2018-09-28 18:48:05,184  INFO [main] Log:15 - On Test Finish Stage of Listener...
 2018-09-28 18:48:05,184  INFO [main] Log:15 - Total methods executed[Lorg.testng.ITestNGMethod;@4dc8caa7
 2018-09-28 18:48:05,184  INFO [main] Log:15 - Total Passed Tests[ResultMap map={}]
 2018-09-28 18:48:05,185  INFO [main] Log:15 - Total Failed Tests[ResultMap map={[TestResult name=VerifyWelcomePage status=FAILURE method=WelcomeScreenSuite.VerifyWelcomePage()[pri:1, instance:com.kony.ktas.suites.WelcomeScreenSuite@6d4b1c02] output={null}]=WelcomeScreenSuite.VerifyWelcomePage()[pri:1, instance:com.kony.ktas.suites.WelcomeScreenSuite@6d4b1c02]}]
 2018-09-28 18:48:05,186  INFO [main] Log:15 - Total skipped Tests[ResultMap map={}]
 2018-09-28 18:48:05,186  INFO [main] Log:15 - Name of the Author for Extent report is : 
 2018-09-28 18:48:05,187  INFO [main] Log:15 - Name of the Extent report is : Test Automation Report
 2018-09-28 18:48:05,187  INFO [main] Log:15 - Name of the paltform is : Android
 2018-09-28 18:48:05,187  INFO [main] Log:15 - Package name from Propefile is :id
 2018-09-28 18:48:05,383  INFO [main] Log:15 - Listener is flushed
 2018-09-28 18:48:05,409  INFO [main] Log:15 - Listener is closed
 2018-09-28 18:49:01,423  INFO [main] Log:15 - **In on Start stage of Listener::..
 2018-09-28 18:49:01,428  INFO [main] Log:15 - Report path File from DB is:
 2018-09-28 18:49:01,428  INFO [main] Log:15 - Config File path from DB is:./Reports/ExtentReports/extent-config.xml
 2018-09-28 18:49:01,428  INFO [main] Log:15 - Type of application is::Mobile
 2018-09-28 18:49:01,428  INFO [main] Log:15 - Mobile device ID is::1
 2018-09-28 18:49:01,429  INFO [main] Log:15 - Mobile device OS is::Android
 2018-09-28 18:49:01,430  INFO [main] Log:15 - Mobile device id is::Android
 2018-09-28 18:49:01,430  INFO [main] Log:15 - ReportDir:Android_Android
 2018-09-28 18:49:01,648  INFO [main] Log:15 - Excel Report Directory is : 
 2018-09-28 18:49:01,649 ERROR [main] Log:23 - File not foudn to write the test result data..
 2018-09-28 18:49:01,668  INFO [main] Log:15 - Intiated Method to Launch the application on Saucelabs...
 2018-09-28 18:50:21,095  INFO [main] Log:15 - Param Constructor..
 2018-09-28 18:50:21,095  INFO [main] Log:15 - Param Constructor..
 2018-09-28 18:50:21,099  INFO [main] Log:15 - In Test Start state of Listener:...
 2018-09-28 18:50:21,099  INFO [main] Log:15 - The name of the testcase Started is :VerifyWelcomePage
 2018-09-28 18:50:21,101  INFO [main] Log:15 - Intiated Method to verify welcome screen..
 2018-09-28 18:50:26,511  INFO [main] Log:15 - Status of headerTxt is true
 2018-09-28 18:50:31,518  INFO [main] Log:15 - Status of subTxt_AreYouAnABO is true
 2018-09-28 18:50:36,185  INFO [main] Log:15 - Status of btnYes is true
 2018-09-28 18:50:41,270  INFO [main] Log:15 - The name of the testcase failed is :VerifyWelcomePage
 2018-09-28 18:50:41,272  INFO [main] Log:15 - Intiated method to capture screen shot after Test FAIL
 2018-09-28 18:50:42,399  INFO [main] Log:15 - ****Mobile Driver instance in screenshot is........:Android: null
 2018-09-28 18:50:59,912  INFO [main] Log:15 - Source file isC:\Users\KIT966\AppData\Local\Temp\screenshot2405088112930273756.png
 2018-09-28 18:50:59,913  INFO [main] Log:15 - ****Dest Fail Directory from DB is****::
 2018-09-28 18:50:59,913  INFO [main] Log:15 - @@destDir Location is@@::D:\Workspace\sauceLabsSample\sauceLabs/Reports/Screenshots/Failures/Android_Android/28-09-2018
 2018-09-28 18:50:59,913  INFO [main] Log:15 - Screenshot location is:D:\Workspace\sauceLabsSample\sauceLabs/Reports/Screenshots/Failures/Android_Android/28-09-2018/WelcomeScreenSuite.VerifyWelcomePage - 28-Sep-2018__06_50_59PM.jpg
 2018-09-28 18:50:59,977  INFO [main] Log:15 - The name of the testcase failed is :VerifyWelcomePage
 2018-09-28 18:50:59,978  INFO [main] Log:15 - Intiated method to capture screen shot after Test FAIL
 2018-09-28 18:51:01,888  INFO [main] Log:15 - ****Mobile Driver instance in screenshot is........:Android: null
 2018-09-28 18:51:25,949  INFO [main] Log:15 - Source file isC:\Users\KIT966\AppData\Local\Temp\screenshot7599752364024693470.png
 2018-09-28 18:51:25,950  INFO [main] Log:15 - ****Dest Fail Directory from DB is****::
 2018-09-28 18:51:25,950  INFO [main] Log:15 - @@destDir Location is@@::D:\Workspace\sauceLabsSample\sauceLabs/Reports/Screenshots/Failures/Android_Android/28-09-2018
 2018-09-28 18:51:25,951  INFO [main] Log:15 - Screenshot location is:D:\Workspace\sauceLabsSample\sauceLabs/Reports/Screenshots/Failures/Android_Android/28-09-2018/WelcomeScreenSuite.VerifyWelcomePage - 28-Sep-2018__06_51_25PM.jpg
 2018-09-28 18:51:25,984  INFO [main] Log:15 - On Test Finish Stage of Listener...
 2018-09-28 18:51:25,984  INFO [main] Log:15 - Total methods executed[Lorg.testng.ITestNGMethod;@56113384
 2018-09-28 18:51:25,985  INFO [main] Log:15 - Total Passed Tests[ResultMap map={}]
 2018-09-28 18:51:25,985  INFO [main] Log:15 - Total Failed Tests[ResultMap map={[TestResult name=VerifyWelcomePage status=FAILURE method=WelcomeScreenSuite.VerifyWelcomePage()[pri:1, instance:com.kony.ktas.suites.WelcomeScreenSuite@6d4b1c02] output={null}]=WelcomeScreenSuite.VerifyWelcomePage()[pri:1, instance:com.kony.ktas.suites.WelcomeScreenSuite@6d4b1c02]}]
 2018-09-28 18:51:25,986  INFO [main] Log:15 - Total skipped Tests[ResultMap map={}]
 2018-09-28 18:51:25,986  INFO [main] Log:15 - Name of the Author for Extent report is : 
 2018-09-28 18:51:25,987  INFO [main] Log:15 - Name of the Extent report is : Test Automation Report
 2018-09-28 18:51:25,987  INFO [main] Log:15 - Name of the paltform is : Android
 2018-09-28 18:51:25,987  INFO [main] Log:15 - Package name from Propefile is :id
 2018-09-28 18:51:26,239  INFO [main] Log:15 - Listener is flushed
 2018-09-28 18:51:26,271  INFO [main] Log:15 - Listener is closed
 2018-09-28 19:08:16,630  INFO [main] Log:15 - **In on Start stage of Listener::..
 2018-09-28 19:08:16,634  INFO [main] Log:15 - Report path File from DB is:
 2018-09-28 19:08:16,635  INFO [main] Log:15 - Config File path from DB is:./Reports/ExtentReports/extent-config.xml
 2018-09-28 19:08:16,635  INFO [main] Log:15 - Type of application is::Mobile
 2018-09-28 19:08:16,636  INFO [main] Log:15 - Mobile device ID is::1
 2018-09-28 19:08:16,636  INFO [main] Log:15 - Mobile device OS is::Android
 2018-09-28 19:08:16,637  INFO [main] Log:15 - Mobile device id is::Android
 2018-09-28 19:08:16,637  INFO [main] Log:15 - ReportDir:Android_Android
 2018-09-28 19:08:16,867  INFO [main] Log:15 - Excel Report Directory is : 
 2018-09-28 19:08:16,868 ERROR [main] Log:23 - File not foudn to write the test result data..
 2018-09-28 19:08:16,886  INFO [main] Log:15 - Intiated Method to Launch the application on Saucelabs...
 2018-09-28 19:09:11,577  INFO [main] Log:15 - Param Constructor..
 2018-09-28 19:09:11,577  INFO [main] Log:15 - Param Constructor..
 2018-09-28 19:09:11,581  INFO [main] Log:15 - In Test Start state of Listener:...
 2018-09-28 19:09:11,581  INFO [main] Log:15 - The name of the testcase Started is :VerifyWelcomePage
 2018-09-28 19:09:11,584  INFO [main] Log:15 - Intiated Method to verify welcome screen..
 2018-09-28 19:09:16,758  INFO [main] Log:15 - Status of headerTxt is true
 2018-09-28 19:09:20,905  INFO [main] Log:15 - Status of subTxt_AreYouAnABO is true
 2018-09-28 19:09:26,437  INFO [main] Log:15 - Status of btnYes is true
 2018-09-28 19:09:31,395  INFO [main] Log:15 - The name of the testcase failed is :VerifyWelcomePage
 2018-09-28 19:09:31,396  INFO [main] Log:15 - Intiated method to capture screen shot after Test FAIL
 2018-09-28 19:09:32,689  INFO [main] Log:15 - ****Mobile Driver instance in screenshot is........:Android: null
 2018-09-28 19:09:47,089  INFO [main] Log:15 - Source file isC:\Users\KIT966\AppData\Local\Temp\screenshot8852208787943290341.png
 2018-09-28 19:09:47,089  INFO [main] Log:15 - ****Dest Fail Directory from DB is****::
 2018-09-28 19:09:47,090  INFO [main] Log:15 - @@destDir Location is@@::D:\Workspace\sauceLabsSample\sauceLabs/Reports/Screenshots/Failures/Android_Android/28-09-2018
 2018-09-28 19:09:47,091  INFO [main] Log:15 - Screenshot location is:D:\Workspace\sauceLabsSample\sauceLabs/Reports/Screenshots/Failures/Android_Android/28-09-2018/WelcomeScreenSuite.VerifyWelcomePage - 28-Sep-2018__07_09_47PM.jpg
 2018-09-28 19:09:47,162  INFO [main] Log:15 - The name of the testcase failed is :VerifyWelcomePage
 2018-09-28 19:09:47,162  INFO [main] Log:15 - Intiated method to capture screen shot after Test FAIL
 2018-09-28 19:09:48,864  INFO [main] Log:15 - ****Mobile Driver instance in screenshot is........:Android: null
 2018-09-28 19:09:56,696  INFO [main] Log:15 - Source file isC:\Users\KIT966\AppData\Local\Temp\screenshot5766903756171277006.png
 2018-09-28 19:09:56,696  INFO [main] Log:15 - ****Dest Fail Directory from DB is****::
 2018-09-28 19:09:56,697  INFO [main] Log:15 - @@destDir Location is@@::D:\Workspace\sauceLabsSample\sauceLabs/Reports/Screenshots/Failures/Android_Android/28-09-2018
 2018-09-28 19:09:56,697  INFO [main] Log:15 - Screenshot location is:D:\Workspace\sauceLabsSample\sauceLabs/Reports/Screenshots/Failures/Android_Android/28-09-2018/WelcomeScreenSuite.VerifyWelcomePage - 28-Sep-2018__07_09_56PM.jpg
 2018-09-28 19:09:56,700  INFO [main] Log:15 - Closing the driver instance...
 2018-09-28 19:09:59,118  INFO [main] Log:15 - On Test Finish Stage of Listener...
 2018-09-28 19:09:59,118  INFO [main] Log:15 - Total methods executed[Lorg.testng.ITestNGMethod;@59252cb6
 2018-09-28 19:09:59,118  INFO [main] Log:15 - Total Passed Tests[ResultMap map={}]
 2018-09-28 19:09:59,119  INFO [main] Log:15 - Total Failed Tests[ResultMap map={[TestResult name=VerifyWelcomePage status=FAILURE method=WelcomeScreenSuite.VerifyWelcomePage()[pri:1, instance:com.kony.ktas.suites.WelcomeScreenSuite@6d4b1c02] output={null}]=WelcomeScreenSuite.VerifyWelcomePage()[pri:1, instance:com.kony.ktas.suites.WelcomeScreenSuite@6d4b1c02]}]
 2018-09-28 19:09:59,119  INFO [main] Log:15 - Total skipped Tests[ResultMap map={}]
 2018-09-28 19:09:59,120  INFO [main] Log:15 - Name of the Author for Extent report is : 
 2018-09-28 19:09:59,120  INFO [main] Log:15 - Name of the Extent report is : Test Automation Report
 2018-09-28 19:09:59,120  INFO [main] Log:15 - Name of the paltform is : Android
 2018-09-28 19:09:59,121  INFO [main] Log:15 - Package name from Propefile is :id
 2018-09-28 19:09:59,329  INFO [main] Log:15 - Listener is flushed
 2018-09-28 19:09:59,359  INFO [main] Log:15 - Listener is closed
 2018-09-28 19:12:20,377  INFO [main] Log:15 - **In on Start stage of Listener::..
 2018-09-28 19:12:20,382  INFO [main] Log:15 - Report path File from DB is:
 2018-09-28 19:12:20,383  INFO [main] Log:15 - Config File path from DB is:./Reports/ExtentReports/extent-config.xml
 2018-09-28 19:12:20,384  INFO [main] Log:15 - Type of application is::Mobile
 2018-09-28 19:12:20,384  INFO [main] Log:15 - Mobile device ID is::1
 2018-09-28 19:12:20,385  INFO [main] Log:15 - Mobile device OS is::Android
 2018-09-28 19:12:20,385  INFO [main] Log:15 - Mobile device id is::Android
 2018-09-28 19:12:20,386  INFO [main] Log:15 - ReportDir:Android_Android
 2018-09-28 19:12:20,680  INFO [main] Log:15 - Excel Report Directory is : 
 2018-09-28 19:12:20,681  INFO [main] Log:15 - Info of excel report:java.io.FileOutputStream@240237d2
 2018-09-28 19:12:20,821  INFO [main] Log:15 - Testresultdata is::{1=[Ljava.lang.Object;@7193666c}
 2018-09-28 19:12:20,852  INFO [main] Log:15 - Intiated Method to Launch the application on Saucelabs...
 2018-09-28 19:13:30,261  INFO [main] Log:15 - Param Constructor..
 2018-09-28 19:13:30,262  INFO [main] Log:15 - Param Constructor..
 2018-09-28 19:13:30,266  INFO [main] Log:15 - In Test Start state of Listener:...
 2018-09-28 19:13:30,266  INFO [main] Log:15 - The name of the testcase Started is :VerifyWelcomePage
 2018-09-28 19:13:30,270  INFO [main] Log:15 - Intiated Method to verify welcome screen..
 2018-09-28 19:13:34,544  INFO [main] Log:15 - Status of headerTxt is true
 2018-09-28 19:13:38,639  INFO [main] Log:15 - Status of subTxt_AreYouAnABO is true
 2018-09-28 19:13:42,838  INFO [main] Log:15 - Status of btnYes is true
 2018-09-28 19:13:49,911  INFO [main] Log:15 - The name of the testcase failed is :VerifyWelcomePage
 2018-09-28 19:13:49,912  INFO [main] Log:15 - Intiated method to capture screen shot after Test FAIL
 2018-09-28 19:13:50,926  INFO [main] Log:15 - ****Mobile Driver instance in screenshot is........:Android: null
 2018-09-28 19:13:59,012  INFO [main] Log:15 - Source file isC:\Users\KIT966\AppData\Local\Temp\screenshot4918700283943832075.png
 2018-09-28 19:13:59,014  INFO [main] Log:15 - ****Dest Fail Directory from DB is****::
 2018-09-28 19:13:59,014  INFO [main] Log:15 - @@destDir Location is@@::D:\Workspace\sauceLabsSample\sauceLabs/Reports/Screenshots/Failures/Android_Android/28-09-2018
 2018-09-28 19:13:59,015  INFO [main] Log:15 - Screenshot location is:D:\Workspace\sauceLabsSample\sauceLabs/Reports/Screenshots/Failures/Android_Android/28-09-2018/WelcomeScreenSuite.VerifyWelcomePage - 28-Sep-2018__07_13_59PM.jpg
 2018-09-28 19:13:59,033  INFO [main] Log:15 - The name of the testcase failed is :VerifyWelcomePage
 2018-09-28 19:13:59,033  INFO [main] Log:15 - Intiated method to capture screen shot after Test FAIL
 2018-09-28 19:14:00,245  INFO [main] Log:15 - ****Mobile Driver instance in screenshot is........:Android: null
 2018-09-28 19:14:07,764  INFO [main] Log:15 - Source file isC:\Users\KIT966\AppData\Local\Temp\screenshot5914764109501355622.png
 2018-09-28 19:14:07,765  INFO [main] Log:15 - ****Dest Fail Directory from DB is****::
 2018-09-28 19:14:07,765  INFO [main] Log:15 - @@destDir Location is@@::D:\Workspace\sauceLabsSample\sauceLabs/Reports/Screenshots/Failures/Android_Android/28-09-2018
 2018-09-28 19:14:07,766  INFO [main] Log:15 - Screenshot location is:D:\Workspace\sauceLabsSample\sauceLabs/Reports/Screenshots/Failures/Android_Android/28-09-2018/WelcomeScreenSuite.VerifyWelcomePage - 28-Sep-2018__07_14_07PM.jpg
 2018-09-28 19:14:07,782  INFO [main] Log:15 - Closing the driver instance...
 2018-09-28 19:14:10,090  INFO [main] Log:15 - On Test Finish Stage of Listener...
 2018-09-28 19:14:10,090  INFO [main] Log:15 - Total methods executed[Lorg.testng.ITestNGMethod;@488eb7f2
 2018-09-28 19:14:10,092  INFO [main] Log:15 - Total Passed Tests[ResultMap map={}]
 2018-09-28 19:14:10,092  INFO [main] Log:15 - Total Failed Tests[ResultMap map={[TestResult name=VerifyWelcomePage status=FAILURE method=WelcomeScreenSuite.VerifyWelcomePage()[pri:1, instance:com.kony.ktas.suites.WelcomeScreenSuite@6d4b1c02] output={null}]=WelcomeScreenSuite.VerifyWelcomePage()[pri:1, instance:com.kony.ktas.suites.WelcomeScreenSuite@6d4b1c02]}]
 2018-09-28 19:14:10,092  INFO [main] Log:15 - Total skipped Tests[ResultMap map={}]
 2018-09-28 19:14:10,094  INFO [main] Log:15 - Name of the Author for Extent report is : 
 2018-09-28 19:14:10,094  INFO [main] Log:15 - Name of the Extent report is : Test Automation Report
 2018-09-28 19:14:10,094  INFO [main] Log:15 - Name of the paltform is : Android
 2018-09-28 19:14:10,094  INFO [main] Log:15 - Package name from Propefile is :id
 2018-09-28 19:14:10,407  INFO [main] Log:15 - Listener is flushed
 2018-09-28 19:14:10,447  INFO [main] Log:15 - Listener is closed
 2018-09-28 19:14:10,455  INFO [main] Log:15 - Row Index to be Bold is::0
 2018-09-28 19:14:10,458  INFO [main] Log:15 - Row Index to be Bold is::0
 2018-09-28 19:14:10,459  INFO [main] Log:15 - Row Index to be Bold is::0
 2018-09-28 19:14:10,459  INFO [main] Log:15 - Row Index to be Bold is::0
 2018-09-28 19:17:27,069  INFO [main] Log:15 - **In on Start stage of Listener::..
 2018-09-28 19:17:27,073  INFO [main] Log:15 - Report path File from DB is:
 2018-09-28 19:17:27,073  INFO [main] Log:15 - Config File path from DB is:./Reports/ExtentReports/extent-config.xml
 2018-09-28 19:17:27,074  INFO [main] Log:15 - Type of application is::Mobile
 2018-09-28 19:17:27,074  INFO [main] Log:15 - Mobile device ID is::1
 2018-09-28 19:17:27,077  INFO [main] Log:15 - Mobile device OS is::Android
 2018-09-28 19:17:27,078  INFO [main] Log:15 - Mobile device id is::Samsung Galaxy S8 GoogleAPI Emulator
 2018-09-28 19:17:27,078  INFO [main] Log:15 - ReportDir:Android_Samsung Galaxy S8 GoogleAPI Emulator
 2018-09-28 19:17:27,284  INFO [main] Log:15 - Excel Report Directory is : 
 2018-09-28 19:17:27,285  INFO [main] Log:15 - Info of excel report:java.io.FileOutputStream@240237d2
 2018-09-28 19:17:27,385  INFO [main] Log:15 - Testresultdata is::{1=[Ljava.lang.Object;@7193666c}
 2018-09-28 19:17:27,405  INFO [main] Log:15 - Intiated Method to Launch the application on Saucelabs...
 2018-09-28 19:17:28,952  INFO [main] Log:15 - In Test Start state of Listener:...
 2018-09-28 19:17:28,953  INFO [main] Log:15 - The name of the testcase Started is :testHomeScreen_TC_001
 2018-09-28 19:17:28,955  INFO [main] Log:15 - The name of the testcase Skipped is :testHomeScreen_TC_001
 2018-09-28 19:17:28,958  INFO [main] Log:15 - Closing the driver instance...
 2018-09-28 19:17:28,976  INFO [main] Log:15 - On Test Finish Stage of Listener...
 2018-09-28 19:17:28,977  INFO [main] Log:15 - Total methods executed[Lorg.testng.ITestNGMethod;@30b19518
 2018-09-28 19:17:28,977  INFO [main] Log:15 - Total Passed Tests[ResultMap map={}]
 2018-09-28 19:17:28,977  INFO [main] Log:15 - Total Failed Tests[ResultMap map={}]
 2018-09-28 19:17:28,978  INFO [main] Log:15 - Total skipped Tests[ResultMap map={[TestResult name=testHomeScreen_TC_001 status=SKIP method=WelcomeScreenSuite.testHomeScreen_TC_001()[pri:1, instance:com.kony.ktas.suites.WelcomeScreenSuite@6d4b1c02] output={null}]=WelcomeScreenSuite.testHomeScreen_TC_001()[pri:1, instance:com.kony.ktas.suites.WelcomeScreenSuite@6d4b1c02]}]
 2018-09-28 19:17:28,978  INFO [main] Log:15 - Name of the Author for Extent report is : 
 2018-09-28 19:17:28,979  INFO [main] Log:15 - Name of the Extent report is : Test Automation Report
 2018-09-28 19:17:28,983  INFO [main] Log:15 - Name of the paltform is : null
 2018-09-28 19:17:29,254  INFO [main] Log:15 - Listener is flushed
 2018-09-28 19:17:29,282  INFO [main] Log:15 - Listener is closed
 2018-09-28 19:17:29,291  INFO [main] Log:15 - Row Index to be Bold is::0
 2018-09-28 19:17:29,294  INFO [main] Log:15 - Row Index to be Bold is::0
 2018-09-28 19:17:29,294  INFO [main] Log:15 - Row Index to be Bold is::0
 2018-09-28 19:17:29,295  INFO [main] Log:15 - Row Index to be Bold is::0
 2018-09-28 19:17:51,947  INFO [main] Log:15 - **In on Start stage of Listener::..
 2018-09-28 19:17:51,952  INFO [main] Log:15 - Report path File from DB is:
 2018-09-28 19:17:51,952  INFO [main] Log:15 - Config File path from DB is:./Reports/ExtentReports/extent-config.xml
 2018-09-28 19:17:51,952  INFO [main] Log:15 - Type of application is::Mobile
 2018-09-28 19:17:51,953  INFO [main] Log:15 - Mobile device ID is::1
 2018-09-28 19:17:51,953  INFO [main] Log:15 - Mobile device OS is::Android
 2018-09-28 19:17:51,953  INFO [main] Log:15 - Mobile device id is::Samsung Galaxy S8 GoogleAPI Emulator
 2018-09-28 19:17:51,954  INFO [main] Log:15 - ReportDir:Android_Samsung Galaxy S8 GoogleAPI Emulator
 2018-09-28 19:17:52,177  INFO [main] Log:15 - Excel Report Directory is : 
 2018-09-28 19:17:52,190  INFO [main] Log:15 - Info of excel report:java.io.FileOutputStream@240237d2
 2018-09-28 19:17:52,300  INFO [main] Log:15 - Testresultdata is::{1=[Ljava.lang.Object;@7193666c}
 2018-09-28 19:17:52,316  INFO [main] Log:15 - Intiated Method to Launch the application on Saucelabs...
 2018-09-28 19:17:53,739  INFO [main] Log:15 - In Test Start state of Listener:...
 2018-09-28 19:17:53,740  INFO [main] Log:15 - The name of the testcase Started is :testHomeScreen_TC_001
 2018-09-28 19:17:53,743  INFO [main] Log:15 - The name of the testcase Skipped is :testHomeScreen_TC_001
 2018-09-28 19:17:53,747  INFO [main] Log:15 - Closing the driver instance...
 2018-09-28 19:17:53,771  INFO [main] Log:15 - On Test Finish Stage of Listener...
 2018-09-28 19:17:53,771  INFO [main] Log:15 - Total methods executed[Lorg.testng.ITestNGMethod;@7b84fcf8
 2018-09-28 19:17:53,772  INFO [main] Log:15 - Total Passed Tests[ResultMap map={}]
 2018-09-28 19:17:53,772  INFO [main] Log:15 - Total Failed Tests[ResultMap map={}]
 2018-09-28 19:17:53,772  INFO [main] Log:15 - Total skipped Tests[ResultMap map={[TestResult name=testHomeScreen_TC_001 status=SKIP method=WelcomeScreenSuite.testHomeScreen_TC_001()[pri:1, instance:com.kony.ktas.suites.WelcomeScreenSuite@6d4b1c02] output={null}]=WelcomeScreenSuite.testHomeScreen_TC_001()[pri:1, instance:com.kony.ktas.suites.WelcomeScreenSuite@6d4b1c02]}]
 2018-09-28 19:17:53,773  INFO [main] Log:15 - Name of the Author for Extent report is : 
 2018-09-28 19:17:53,774  INFO [main] Log:15 - Name of the Extent report is : Test Automation Report
 2018-09-28 19:17:53,778  INFO [main] Log:15 - Name of the paltform is : null
 2018-09-28 19:17:54,058  INFO [main] Log:15 - Listener is flushed
 2018-09-28 19:17:54,087  INFO [main] Log:15 - Listener is closed
 2018-09-28 19:17:54,099  INFO [main] Log:15 - Row Index to be Bold is::0
 2018-09-28 19:17:54,102  INFO [main] Log:15 - Row Index to be Bold is::0
 2018-09-28 19:17:54,102  INFO [main] Log:15 - Row Index to be Bold is::0
 2018-09-28 19:17:54,103  INFO [main] Log:15 - Row Index to be Bold is::0
 2018-09-28 20:27:50,399  INFO [main] Log:15 - Intiated Method to Launch the application on Saucelabs...
 2018-09-28 20:27:53,398  INFO [main] Log:15 - Closing the driver instance...
 2018-09-28 20:29:05,916  INFO [main] Log:15 - Intiated Method to Launch the application on Saucelabs...
 2018-09-28 20:30:16,357  INFO [main] Log:15 - Param Constructor..
 2018-09-28 20:30:16,358  INFO [main] Log:15 - Param Constructor..
 2018-09-28 20:30:16,362  INFO [main] Log:15 - Intiated Method to verify welcome screen..
 2018-09-28 20:30:22,256  INFO [main] Log:15 - Status of headerTxt is true
 2018-09-28 20:30:27,708  INFO [Forwarding getSession on session ddd123d6ddf24224a6ed69ee180b1f1d to remote] RetryExec:97 - I/O exception (java.net.SocketException) caught when processing request to {s}->https://ondemand.saucelabs.com:443: Connection reset
 2018-09-28 20:30:27,709  INFO [Forwarding getSession on session ddd123d6ddf24224a6ed69ee180b1f1d to remote] RetryExec:113 - Retrying request to {s}->https://ondemand.saucelabs.com:443
 2018-09-28 20:30:27,712  INFO [Forwarding getSession on session ddd123d6ddf24224a6ed69ee180b1f1d to remote] RetryExec:97 - I/O exception (java.net.SocketException) caught when processing request to {s}->https://ondemand.saucelabs.com:443: Network is unreachable: connect
 2018-09-28 20:30:27,713  INFO [Forwarding getSession on session ddd123d6ddf24224a6ed69ee180b1f1d to remote] RetryExec:113 - Retrying request to {s}->https://ondemand.saucelabs.com:443
 2018-09-28 20:30:27,715  INFO [Forwarding getSession on session ddd123d6ddf24224a6ed69ee180b1f1d to remote] RetryExec:97 - I/O exception (java.net.SocketException) caught when processing request to {s}->https://ondemand.saucelabs.com:443: Network is unreachable: connect
 2018-09-28 20:30:27,715  INFO [Forwarding getSession on session ddd123d6ddf24224a6ed69ee180b1f1d to remote] RetryExec:113 - Retrying request to {s}->https://ondemand.saucelabs.com:443
 2018-09-28 20:30:27,765  INFO [Forwarding executeScript on session ddd123d6ddf24224a6ed69ee180b1f1d to remote] RetryExec:97 - I/O exception (java.net.SocketException) caught when processing request to {s}->https://ondemand.saucelabs.com:443: Network is unreachable: connect
 2018-09-28 20:30:27,766  INFO [Forwarding executeScript on session ddd123d6ddf24224a6ed69ee180b1f1d to remote] RetryExec:113 - Retrying request to {s}->https://ondemand.saucelabs.com:443
 2018-09-28 20:30:27,768  INFO [Forwarding executeScript on session ddd123d6ddf24224a6ed69ee180b1f1d to remote] RetryExec:97 - I/O exception (java.net.SocketException) caught when processing request to {s}->https://ondemand.saucelabs.com:443: Network is unreachable: connect
 2018-09-28 20:30:27,769  INFO [Forwarding executeScript on session ddd123d6ddf24224a6ed69ee180b1f1d to remote] RetryExec:113 - Retrying request to {s}->https://ondemand.saucelabs.com:443
 2018-09-28 20:30:27,771  INFO [Forwarding executeScript on session ddd123d6ddf24224a6ed69ee180b1f1d to remote] RetryExec:97 - I/O exception (java.net.SocketException) caught when processing request to {s}->https://ondemand.saucelabs.com:443: Network is unreachable: connect
 2018-09-28 20:30:27,774  INFO [Forwarding executeScript on session ddd123d6ddf24224a6ed69ee180b1f1d to remote] RetryExec:113 - Retrying request to {s}->https://ondemand.saucelabs.com:443
 2018-09-28 20:30:27,778  INFO [main] Log:15 - Closing the driver instance...
 2018-09-28 20:30:27,782  INFO [Forwarding closeApp on session ddd123d6ddf24224a6ed69ee180b1f1d to remote] RetryExec:97 - I/O exception (java.net.SocketException) caught when processing request to {s}->https://ondemand.saucelabs.com:443: Network is unreachable: connect
 2018-09-28 20:30:27,782  INFO [Forwarding closeApp on session ddd123d6ddf24224a6ed69ee180b1f1d to remote] RetryExec:113 - Retrying request to {s}->https://ondemand.saucelabs.com:443
 2018-09-28 20:30:27,784  INFO [Forwarding closeApp on session ddd123d6ddf24224a6ed69ee180b1f1d to remote] RetryExec:97 - I/O exception (java.net.SocketException) caught when processing request to {s}->https://ondemand.saucelabs.com:443: Network is unreachable: connect
 2018-09-28 20:30:27,784  INFO [Forwarding closeApp on session ddd123d6ddf24224a6ed69ee180b1f1d to remote] RetryExec:113 - Retrying request to {s}->https://ondemand.saucelabs.com:443
 2018-09-28 20:30:27,786  INFO [Forwarding closeApp on session ddd123d6ddf24224a6ed69ee180b1f1d to remote] RetryExec:97 - I/O exception (java.net.SocketException) caught when processing request to {s}->https://ondemand.saucelabs.com:443: Network is unreachable: connect
 2018-09-28 20:30:27,787  INFO [Forwarding closeApp on session ddd123d6ddf24224a6ed69ee180b1f1d to remote] RetryExec:113 - Retrying request to {s}->https://ondemand.saucelabs.com:443
 2018-09-29 23:37:13,134  INFO [main] Log:15 - Intiated Method to Launch the application on Saucelabs...
 2018-09-29 23:39:02,390  INFO [main] Log:15 - Param Constructor..
 2018-09-29 23:39:02,395  INFO [main] Log:15 - Param Constructor..
 2018-09-29 23:39:02,400  INFO [main] Log:15 - Intiated Method to verify welcome screen..
 2018-09-29 23:39:07,676  INFO [main] Log:15 - Status of headerTxt is true
 2018-09-29 23:39:11,184  INFO [main] Log:15 - Status of subTxt_AreYouAnABO is true
 2018-09-29 23:39:16,968  INFO [main] Log:15 - Status of btnYes is true
 2018-09-29 23:39:22,291  INFO [main] Log:15 - Closing the driver instance...
 2018-09-29 23:42:45,618  INFO [main] Log:15 - Intiated Method to Launch the application on Saucelabs...
 2018-09-29 23:43:51,171  INFO [main] Log:15 - Param Constructor..
 2018-09-29 23:43:51,177  INFO [main] Log:15 - Param Constructor..
 2018-09-29 23:43:51,184  INFO [main] Log:15 - Intiated Method to verify welcome screen..
 2018-09-29 23:43:57,773  INFO [main] Log:15 - Status of headerTxt is true
 2018-09-29 23:44:25,561  INFO [main] Log:15 - Status of subTxt_AreYouAnABO is true
 2018-09-29 23:44:52,328  INFO [main] Log:15 - Status of btnYes is true
 2018-09-29 23:45:16,548  INFO [main] Log:15 - Status of btnNO is true
 2018-09-29 23:45:16,566  INFO [main] Log:15 - Intiated method to click on No button in welcome screen..
 2018-09-29 23:45:16,567  INFO [main] Log:15 - Intiated Method to click on Element :: NoButton
 2018-09-29 23:45:35,967  INFO [main] Log:15 - Closing the driver instance...
 2018-09-29 23:47:36,900  INFO [main] Log:15 - **In on Start stage of Listener::..
 2018-09-29 23:47:36,906  INFO [main] Log:15 - Report path File from DB is:
 2018-09-29 23:47:36,906  INFO [main] Log:15 - Config File path from DB is:./Reports/ExtentReports/extent-config.xml
 2018-09-29 23:47:36,907  INFO [main] Log:15 - Type of application is::Mobile
 2018-09-29 23:47:36,907  INFO [main] Log:15 - Mobile device ID is::1
 2018-09-29 23:47:36,908  INFO [main] Log:15 - Mobile device OS is::Android
 2018-09-29 23:47:36,908  INFO [main] Log:15 - Mobile device id is::Samsung Galaxy S8 GoogleAPI Emulator
 2018-09-29 23:47:36,909  INFO [main] Log:15 - ReportDir:Android_Samsung Galaxy S8 GoogleAPI Emulator
 2018-09-29 23:47:37,167  INFO [main] Log:15 - Excel Report Directory is : 
 2018-09-29 23:47:37,168  INFO [main] Log:15 - Info of excel report:java.io.FileOutputStream@240237d2
 2018-09-29 23:47:37,344  INFO [main] Log:15 - Testresultdata is::{1=[Ljava.lang.Object;@7193666c}
 2018-09-29 23:47:37,363  INFO [main] Log:15 - Intiated Method to Launch the application on Saucelabs...
 2018-09-29 23:48:37,305  INFO [main] Log:15 - Param Constructor..
 2018-09-29 23:48:37,307  INFO [main] Log:15 - Param Constructor..
 2018-09-29 23:48:37,312  INFO [main] Log:15 - In Test Start state of Listener:...
 2018-09-29 23:48:37,312  INFO [main] Log:15 - The name of the testcase Started is :testHomeScreen_TC_001
 2018-09-29 23:48:37,319  INFO [main] Log:15 - Intiated Method to verify welcome screen..
 2018-09-29 23:48:51,083  INFO [main] Log:15 - Status of headerTxt is true
 2018-09-29 23:48:57,554  INFO [main] Log:15 - Status of subTxt_AreYouAnABO is true
 2018-09-29 23:49:03,314  INFO [main] Log:15 - Status of btnYes is true
 2018-09-29 23:49:08,011  INFO [main] Log:15 - Status of btnNO is true
 2018-09-29 23:49:08,015  INFO [main] Log:15 - Intiated method to click on No button in welcome screen..
 2018-09-29 23:49:08,015  INFO [main] Log:15 - Intiated Method to click on Element :: NoButton
 2018-09-29 23:49:17,776  INFO [main] Log:15 - The Name of the Testcase Passed is :testHomeScreen_TC_001
 2018-09-29 23:49:17,776  INFO [main] Log:15 - Intiated method to capture screen shot after Test PASS
 2018-09-29 23:49:19,210  INFO [main] Log:15 - ****Mobile Driver instance in screenshot is........:Android: null
 2018-09-29 23:50:37,282  INFO [main] Log:15 - Source file isC:\Users\KIT966\AppData\Local\Temp\screenshot7049789407684433004.png
 2018-09-29 23:50:37,284  INFO [main] Log:15 - ****Dest Pass Directory from DB is****::
 2018-09-29 23:50:37,284  INFO [main] Log:15 - Destination Screenshot Report Directory is:Android_Samsung Galaxy S8 GoogleAPI Emulator
 2018-09-29 23:50:37,284  INFO [main] Log:15 - @@destDir Location is@@::D:\Workspace\sauceLabsSample\sauceLabs/Reports/Screenshots/Success/Android_Samsung Galaxy S8 GoogleAPI Emulator/29-09-2018
 2018-09-29 23:50:37,299  INFO [main] Log:15 - Screenshot location is:D:\Workspace\sauceLabsSample\sauceLabs/Reports/Screenshots/Success/Android_Samsung Galaxy S8 GoogleAPI Emulator/29-09-2018/WelcomeScreenSuite.testHomeScreen_TC_001 - 29-Sep-2018__11_50_37PM.jpg
 2018-09-29 23:50:37,663  INFO [main] Log:15 - Closing the driver instance...
 2018-09-29 23:50:40,206  INFO [main] Log:15 - On Test Finish Stage of Listener...
 2018-09-29 23:50:40,206  INFO [main] Log:15 - Total methods executed[Lorg.testng.ITestNGMethod;@a202ccb
 2018-09-29 23:50:40,207  INFO [main] Log:15 - Total Passed Tests[ResultMap map={[TestResult name=testHomeScreen_TC_001 status=SUCCESS method=WelcomeScreenSuite.testHomeScreen_TC_001()[pri:1, instance:com.kony.ktas.suites.WelcomeScreenSuite@6d4b1c02] output={null}]=WelcomeScreenSuite.testHomeScreen_TC_001()[pri:1, instance:com.kony.ktas.suites.WelcomeScreenSuite@6d4b1c02]}]
 2018-09-29 23:50:40,208  INFO [main] Log:15 - Total Failed Tests[ResultMap map={}]
 2018-09-29 23:50:40,208  INFO [main] Log:15 - Total skipped Tests[ResultMap map={}]
 2018-09-29 23:50:40,209  INFO [main] Log:15 - Name of the Author for Extent report is : 
 2018-09-29 23:50:40,209  INFO [main] Log:15 - Name of the Extent report is : Test Automation Report
 2018-09-29 23:50:40,209  INFO [main] Log:15 - Name of the paltform is : Android
 2018-09-29 23:50:40,210  INFO [main] Log:15 - Package name from Propefile is :id
 2018-09-29 23:50:40,581  INFO [main] Log:15 - Listener is flushed
 2018-09-29 23:50:40,626  INFO [main] Log:15 - Listener is closed
 2018-09-29 23:50:40,637  INFO [main] Log:15 - Row Index to be Bold is::0
 2018-09-29 23:50:40,641  INFO [main] Log:15 - Row Index to be Bold is::0
 2018-09-29 23:50:40,641  INFO [main] Log:15 - Row Index to be Bold is::0
 2018-09-29 23:50:40,642  INFO [main] Log:15 - Row Index to be Bold is::0
 2018-09-30 12:22:07,579  INFO [main] Log:15 - **In on Start stage of Listener::..
 2018-09-30 12:22:07,582  INFO [main] Log:15 - Report path File from DB is:
 2018-09-30 12:22:07,583  INFO [main] Log:15 - Config File path from DB is:./Reports/ExtentReports/extent-config.xml
 2018-09-30 12:22:07,583  INFO [main] Log:15 - Type of application is::Mobile
 2018-09-30 12:22:07,583  INFO [main] Log:15 - Mobile device ID is::1
 2018-09-30 12:22:07,584  INFO [main] Log:15 - Mobile device OS is::Android
 2018-09-30 12:22:07,584  INFO [main] Log:15 - Mobile device id is::Samsung Galaxy S8 GoogleAPI Emulator
 2018-09-30 12:22:07,584  INFO [main] Log:15 - ReportDir:Android_Samsung Galaxy S8 GoogleAPI Emulator
 2018-09-30 12:22:07,709  INFO [main] Log:15 - Excel Report Directory is : 
 2018-09-30 12:22:07,709  INFO [main] Log:15 - Info of excel report:java.io.FileOutputStream@12d3a4e9
 2018-09-30 12:22:07,772  INFO [main] Log:15 - Testresultdata is::{1=[Ljava.lang.Object;@5119fb47}
 2018-09-30 12:22:07,782  INFO [main] Log:15 - Intiated Method to Launch the application on Saucelabs...
 2018-09-30 12:23:38,123  INFO [main] Log:15 - Param Constructor..
 2018-09-30 12:23:38,124  INFO [main] Log:15 - Param Constructor..
 2018-09-30 12:23:38,127  INFO [main] Log:15 - In Test Start state of Listener:...
 2018-09-30 12:23:38,127  INFO [main] Log:15 - The name of the testcase Started is :testHomeScreen_TC_001
 2018-09-30 12:23:38,129  INFO [main] Log:15 - Intiated Method to verify welcome screen..
 2018-09-30 12:23:46,276  INFO [main] Log:15 - Status of headerTxt is true
 2018-09-30 12:23:53,523  INFO [main] Log:15 - Status of subTxt_AreYouAnABO is true
 2018-09-30 12:24:02,964  INFO [main] Log:15 - Status of btnYes is true
 2018-09-30 12:24:13,621  INFO [main] Log:15 - Status of btnNO is true
 2018-09-30 12:24:13,629  INFO [main] Log:15 - Intiated method to click on No button in welcome screen..
 2018-09-30 12:24:13,630  INFO [main] Log:15 - Intiated Method to click on Element :: NoButton
 2018-09-30 12:24:30,851  INFO [main] Log:15 - The Name of the Testcase Passed is :testHomeScreen_TC_001
 2018-09-30 12:24:30,853  INFO [main] Log:15 - Intiated method to capture screen shot after Test PASS
 2018-09-30 12:24:35,320  INFO [main] Log:15 - ****Mobile Driver instance in screenshot is........:Android: null
 2018-09-30 12:34:47,291  INFO [main] Log:15 - **In on Start stage of Listener::..
 2018-09-30 12:34:47,295  INFO [main] Log:15 - Report path File from DB is:
 2018-09-30 12:34:47,295  INFO [main] Log:15 - Config File path from DB is:./Reports/ExtentReports/extent-config.xml
 2018-09-30 12:34:47,295  INFO [main] Log:15 - Type of application is::Mobile
 2018-09-30 12:34:47,295  INFO [main] Log:15 - Mobile device ID is::1
 2018-09-30 12:34:47,296  INFO [main] Log:15 - Mobile device OS is::Android
 2018-09-30 12:34:47,296  INFO [main] Log:15 - Mobile device id is::Samsung Galaxy S8 GoogleAPI Emulator
 2018-09-30 12:34:47,296  INFO [main] Log:15 - ReportDir:Android_Samsung Galaxy S8 GoogleAPI Emulator
 2018-09-30 12:34:47,426  INFO [main] Log:15 - Excel Report Directory is : 
 2018-09-30 12:34:47,426  INFO [main] Log:15 - Info of excel report:java.io.FileOutputStream@12d3a4e9
 2018-09-30 12:34:47,492  INFO [main] Log:15 - Testresultdata is::{1=[Ljava.lang.Object;@5119fb47}
 2018-09-30 12:34:47,506  INFO [main] Log:15 - Intiated Method to Launch the application on Saucelabs...
 2018-09-30 12:36:38,807  INFO [main] Log:15 - Param Constructor..
 2018-09-30 12:36:44,440  INFO [main] Log:15 - Setting Driver Instance in MobileBaseUtils to: Android: null
 2018-09-30 12:36:51,867  INFO [main] Log:15 - Getting Driver Instance from MobileBaseUtils: Android: null
 2018-09-30 12:36:51,869  INFO [main] Log:15 - Param Constructor..
 2018-09-30 12:36:53,961  INFO [main] Log:15 - Setting Driver Instance in MobileBaseUtils to: Android: null
 2018-09-30 12:36:56,096  INFO [main] Log:15 - Getting Driver Instance from MobileBaseUtils: Android: null
 2018-09-30 12:36:56,106  INFO [main] Log:15 - In Test Start state of Listener:...
 2018-09-30 12:36:56,107  INFO [main] Log:15 - The name of the testcase Started is :testHomeScreen_TC_001
 2018-09-30 12:36:56,112  INFO [main] Log:15 - Intiated Method to verify welcome screen..
 2018-09-30 12:37:02,555  INFO [main] Log:15 - Status of headerTxt is true
 2018-09-30 12:37:11,653  INFO [main] Log:15 - Status of subTxt_AreYouAnABO is true
 2018-09-30 12:37:26,590  INFO [main] Log:15 - Status of btnYes is true
 2018-09-30 12:37:35,755  INFO [main] Log:15 - Status of btnNO is true
 2018-09-30 12:37:35,758  INFO [main] Log:15 - Intiated method to click on No button in welcome screen..
 2018-09-30 12:37:35,758  INFO [main] Log:15 - Intiated Method to click on Element :: NoButton
 2018-09-30 12:38:42,423  INFO [main] Log:15 - The Name of the Testcase Passed is :testHomeScreen_TC_001
 2018-09-30 12:38:50,185  INFO [main] Log:15 - Getting Driver Instance from MobileBaseUtils: Android: null
 2018-09-30 12:38:50,185  INFO [main] Log:15 - Intiated method to capture screen shot after Test PASS
 2018-09-30 12:38:51,279  INFO [main] Log:15 - ****Mobile Driver instance in screenshot is........:Android: null
 2018-09-30 12:51:12,397  INFO [main] Log:15 - **In on Start stage of Listener::..
 2018-09-30 12:51:12,400  INFO [main] Log:15 - Report path File from DB is:
 2018-09-30 12:51:12,400  INFO [main] Log:15 - Config File path from DB is:./Reports/ExtentReports/extent-config.xml
 2018-09-30 12:51:12,400  INFO [main] Log:15 - Type of application is::Mobile
 2018-09-30 12:51:12,400  INFO [main] Log:15 - Mobile device ID is::1
 2018-09-30 12:51:12,401  INFO [main] Log:15 - Mobile device OS is::Android
 2018-09-30 12:51:12,401  INFO [main] Log:15 - Mobile device id is::Samsung Galaxy S8 GoogleAPI Emulator
 2018-09-30 12:51:12,401  INFO [main] Log:15 - ReportDir:Android_Samsung Galaxy S8 GoogleAPI Emulator
 2018-09-30 12:51:12,525  INFO [main] Log:15 - Excel Report Directory is : 
 2018-09-30 12:51:12,525  INFO [main] Log:15 - Info of excel report:java.io.FileOutputStream@12d3a4e9
 2018-09-30 12:51:12,586  INFO [main] Log:15 - Testresultdata is::{1=[Ljava.lang.Object;@5119fb47}
 2018-09-30 12:51:12,595  INFO [main] Log:15 - Intiated Method to Launch the application on Saucelabs...
 2018-09-30 12:52:22,543  INFO [main] Log:15 - Param Constructor..
 2018-09-30 12:52:24,066  INFO [main] Log:15 - Setting Driver Instance in MobileBaseUtils to: Android: null
 2018-09-30 12:52:25,040  INFO [main] Log:15 - Getting Driver Instance from MobileBaseUtils: Android: null
 2018-09-30 12:52:25,042  INFO [main] Log:15 - Param Constructor..
 2018-09-30 12:52:26,886  INFO [main] Log:15 - Setting Driver Instance in MobileBaseUtils to: Android: null
 2018-09-30 12:52:27,778  INFO [main] Log:15 - Getting Driver Instance from MobileBaseUtils: Android: null
 2018-09-30 12:52:27,780  INFO [main] Log:15 - In Test Start state of Listener:...
 2018-09-30 12:52:27,781  INFO [main] Log:15 - The name of the testcase Started is :testHomeScreen_TC_001
 2018-09-30 12:52:27,783  INFO [main] Log:15 - Intiated Method to verify welcome screen..
 2018-09-30 12:52:33,515  INFO [main] Log:15 - Status of headerTxt is true
 2018-09-30 12:52:37,547  INFO [main] Log:15 - Status of subTxt_AreYouAnABO is true
 2018-09-30 12:52:43,610  INFO [main] Log:15 - Status of btnYes is true
 2018-09-30 12:52:46,948  INFO [main] Log:15 - Status of btnNO is true
 2018-09-30 12:52:46,953  INFO [main] Log:15 - Intiated method to click on No button in welcome screen..
 2018-09-30 12:52:46,954  INFO [main] Log:15 - Intiated Method to click on Element :: NoButton
 2018-09-30 12:52:53,128  INFO [main] Log:15 - The Name of the Testcase Passed is :testHomeScreen_TC_001
 2018-09-30 12:52:54,094  INFO [main] Log:15 - Getting Driver Instance from MobileBaseUtils: Android: null
 2018-09-30 12:52:54,095  INFO [main] Log:15 - Intiated method to capture screen shot after Test PASS
 2018-09-30 12:52:54,979  INFO [main] Log:15 - ****Mobile Driver instance in screenshot is........:Android: null
 2018-09-30 12:53:20,264  INFO [main] Log:15 - Source file isC:\Users\KIT966\AppData\Local\Temp\screenshot5328178784850368466.png
 2018-09-30 12:53:20,264  INFO [main] Log:15 - ****Dest Pass Directory from DB is****::
 2018-09-30 12:53:20,265  INFO [main] Log:15 - Destination Screenshot Report Directory is:Android_Samsung Galaxy S8 GoogleAPI Emulator
 2018-09-30 12:53:20,265  INFO [main] Log:15 - @@destDir Location is@@::D:\Workspace\sauceLabsSample\sauceLabs/Reports/Screenshots/Success/Android_Samsung Galaxy S8 GoogleAPI Emulator/30-09-2018
 2018-09-30 12:53:20,265  INFO [main] Log:15 - Screenshot location is:D:\Workspace\sauceLabsSample\sauceLabs/Reports/Screenshots/Success/Android_Samsung Galaxy S8 GoogleAPI Emulator/30-09-2018/WelcomeScreenSuite.testHomeScreen_TC_001 - 30-Sep-2018__12_53_20PM.jpg
 2018-09-30 12:53:20,769  INFO [main] Log:15 - Closing the driver instance...
 2018-09-30 12:53:22,747  INFO [main] Log:15 - On Test Finish Stage of Listener...
 2018-09-30 12:53:22,748  INFO [main] Log:15 - Total methods executed[Lorg.testng.ITestNGMethod;@6941827a
 2018-09-30 12:53:22,749  INFO [main] Log:15 - Total Passed Tests[ResultMap map={[TestResult name=testHomeScreen_TC_001 status=SUCCESS method=WelcomeScreenSuite.testHomeScreen_TC_001()[pri:1, instance:com.kony.ktas.suites.WelcomeScreenSuite@6d4b1c02] output={null}]=WelcomeScreenSuite.testHomeScreen_TC_001()[pri:1, instance:com.kony.ktas.suites.WelcomeScreenSuite@6d4b1c02]}]
 2018-09-30 12:53:22,749  INFO [main] Log:15 - Total Failed Tests[ResultMap map={}]
 2018-09-30 12:53:22,749  INFO [main] Log:15 - Total skipped Tests[ResultMap map={}]
 2018-09-30 12:53:22,750  INFO [main] Log:15 - Name of the Author for Extent report is : 
 2018-09-30 12:53:22,750  INFO [main] Log:15 - Name of the Extent report is : Test Automation Report
 2018-09-30 12:59:16,221  INFO [main] Log:15 - **In on Start stage of Listener::..
 2018-09-30 12:59:16,224  INFO [main] Log:15 - Report path File from DB is:
 2018-09-30 12:59:16,224  INFO [main] Log:15 - Config File path from DB is:./Reports/ExtentReports/extent-config.xml
 2018-09-30 12:59:16,224  INFO [main] Log:15 - Type of application is::Mobile
 2018-09-30 12:59:16,224  INFO [main] Log:15 - Mobile device ID is::1
 2018-09-30 12:59:16,225  INFO [main] Log:15 - Mobile device OS is::Android
 2018-09-30 12:59:16,225  INFO [main] Log:15 - Mobile device id is::Samsung Galaxy S8 GoogleAPI Emulator
 2018-09-30 12:59:16,225  INFO [main] Log:15 - ReportDir:Android_Samsung Galaxy S8 GoogleAPI Emulator
 2018-09-30 12:59:16,370  INFO [main] Log:15 - Excel Report Directory is : 
 2018-09-30 12:59:16,371  INFO [main] Log:15 - Info of excel report:java.io.FileOutputStream@12d3a4e9
 2018-09-30 12:59:16,439  INFO [main] Log:15 - Testresultdata is::{1=[Ljava.lang.Object;@5119fb47}
 2018-09-30 12:59:16,450  INFO [main] Log:15 - Intiated Method to Launch the application on Saucelabs...
 2018-09-30 13:00:16,957  INFO [main] Log:15 - Param Constructor..
 2018-09-30 13:00:16,959  INFO [main] Log:15 - Param Constructor..
 2018-09-30 13:00:16,961  INFO [main] Log:15 - In Test Start state of Listener:...
 2018-09-30 13:00:16,962  INFO [main] Log:15 - The name of the testcase Started is :testHomeScreen_TC_001
 2018-09-30 13:00:16,964  INFO [main] Log:15 - Intiated Method to verify welcome screen..
 2018-09-30 13:00:20,813  INFO [main] Log:15 - Status of headerTxt is true
 2018-09-30 13:00:25,936  INFO [main] Log:15 - Status of subTxt_AreYouAnABO is true
 2018-09-30 13:00:31,596  INFO [main] Log:15 - Status of btnYes is true
 2018-09-30 13:00:34,937  INFO [main] Log:15 - Status of btnNO is true
 2018-09-30 13:00:34,941  INFO [main] Log:15 - Intiated method to click on No button in welcome screen..
 2018-09-30 13:00:34,941  INFO [main] Log:15 - Intiated Method to click on Element :: NoButton
 2018-09-30 13:00:41,681  INFO [main] Log:15 - The Name of the Testcase Passed is :testHomeScreen_TC_001
 2018-09-30 13:00:41,683  INFO [main] Log:15 - Intiated method to capture screen shot after Test PASS
 2018-09-30 13:00:42,445  INFO [main] Log:15 - ****Mobile Driver instance in screenshot is........:Android: null
 2018-09-30 13:01:11,656  INFO [main] Log:15 - Source file isC:\Users\KIT966\AppData\Local\Temp\screenshot3976605403947628090.png
 2018-09-30 13:01:11,656  INFO [main] Log:15 - ****Dest Pass Directory from DB is****::
 2018-09-30 13:01:11,657  INFO [main] Log:15 - Destination Screenshot Report Directory is:Android_Samsung Galaxy S8 GoogleAPI Emulator
 2018-09-30 13:01:11,657  INFO [main] Log:15 - @@destDir Location is@@::D:\Workspace\sauceLabsSample\sauceLabs/Reports/Screenshots/Success/Android_Samsung Galaxy S8 GoogleAPI Emulator/30-09-2018
 2018-09-30 13:01:11,657  INFO [main] Log:15 - Screenshot location is:D:\Workspace\sauceLabsSample\sauceLabs/Reports/Screenshots/Success/Android_Samsung Galaxy S8 GoogleAPI Emulator/30-09-2018/WelcomeScreenSuite.testHomeScreen_TC_001 - 30-Sep-2018__01_01_11PM.jpg
 2018-09-30 13:01:12,074  INFO [main] Log:15 - Closing the driver instance...
 2018-09-30 13:01:13,736  INFO [main] Log:15 - On Test Finish Stage of Listener...
 2018-09-30 13:01:13,737  INFO [main] Log:15 - Total methods executed[Lorg.testng.ITestNGMethod;@6941827a
 2018-09-30 13:01:13,738  INFO [main] Log:15 - Total Passed Tests[ResultMap map={[TestResult name=testHomeScreen_TC_001 status=SUCCESS method=WelcomeScreenSuite.testHomeScreen_TC_001()[pri:1, instance:com.kony.ktas.suites.WelcomeScreenSuite@6d4b1c02] output={null}]=WelcomeScreenSuite.testHomeScreen_TC_001()[pri:1, instance:com.kony.ktas.suites.WelcomeScreenSuite@6d4b1c02]}]
 2018-09-30 13:01:13,738  INFO [main] Log:15 - Total Failed Tests[ResultMap map={}]
 2018-09-30 13:01:13,738  INFO [main] Log:15 - Total skipped Tests[ResultMap map={}]
 2018-09-30 13:01:13,738  INFO [main] Log:15 - Name of the Author for Extent report is : 
 2018-09-30 13:01:13,739  INFO [main] Log:15 - Name of the Extent report is : Test Automation Report
 2018-09-30 13:04:07,134  INFO [main] Log:15 - **In on Start stage of Listener::..
 2018-09-30 13:04:07,137  INFO [main] Log:15 - Report path File from DB is:
 2018-09-30 13:04:07,137  INFO [main] Log:15 - Config File path from DB is:./Reports/ExtentReports/extent-config.xml
 2018-09-30 13:04:07,138  INFO [main] Log:15 - Type of application is::Mobile
 2018-09-30 13:04:07,138  INFO [main] Log:15 - Mobile device ID is::1
 2018-09-30 13:04:07,138  INFO [main] Log:15 - Mobile device OS is::Android
 2018-09-30 13:04:07,138  INFO [main] Log:15 - Mobile device id is::Samsung Galaxy S8 GoogleAPI Emulator
 2018-09-30 13:04:07,138  INFO [main] Log:15 - ReportDir:Android_Samsung Galaxy S8 GoogleAPI Emulator
 2018-09-30 13:04:07,264  INFO [main] Log:15 - Excel Report Directory is : 
 2018-09-30 13:04:07,265  INFO [main] Log:15 - Info of excel report:java.io.FileOutputStream@12d3a4e9
 2018-09-30 13:04:07,329  INFO [main] Log:15 - Testresultdata is::{1=[Ljava.lang.Object;@5119fb47}
 2018-09-30 13:04:07,339  INFO [main] Log:15 - Intiated Method to Launch the application on Saucelabs...
 2018-09-30 13:04:58,084  INFO [main] Log:15 - Param Constructor..
 2018-09-30 13:04:58,085  INFO [main] Log:15 - Param Constructor..
 2018-09-30 13:04:58,088  INFO [main] Log:15 - In Test Start state of Listener:...
 2018-09-30 13:04:58,088  INFO [main] Log:15 - The name of the testcase Started is :testHomeScreen_TC_001
 2018-09-30 13:04:58,091  INFO [main] Log:15 - Intiated Method to verify welcome screen..
 2018-09-30 13:05:03,540  INFO [main] Log:15 - Status of headerTxt is true
 2018-09-30 13:05:09,151  INFO [main] Log:15 - Status of subTxt_AreYouAnABO is true
 2018-09-30 13:05:13,745  INFO [main] Log:15 - Status of btnYes is true
 2018-09-30 13:05:17,010  INFO [main] Log:15 - Status of btnNO is true
 2018-09-30 13:05:17,022  INFO [main] Log:15 - Intiated method to click on No button in welcome screen..
 2018-09-30 13:05:17,023  INFO [main] Log:15 - Intiated Method to click on Element :: NoButton
 2018-09-30 13:05:26,161  INFO [main] Log:15 - The Name of the Testcase Passed is :testHomeScreen_TC_001
 2018-09-30 13:05:26,164  INFO [main] Log:15 - Intiated method to capture screen shot after Test PASS
 2018-09-30 13:05:26,942  INFO [main] Log:15 - ****Mobile Driver instance in screenshot is........:Android: null
 2018-09-30 13:05:53,112  INFO [main] Log:15 - Source file isC:\Users\KIT966\AppData\Local\Temp\screenshot2498735583687009588.png
 2018-09-30 13:05:53,113  INFO [main] Log:15 - ****Dest Pass Directory from DB is****::
 2018-09-30 13:05:53,113  INFO [main] Log:15 - Destination Screenshot Report Directory is:Android_Samsung Galaxy S8 GoogleAPI Emulator
 2018-09-30 13:05:53,113  INFO [main] Log:15 - @@destDir Location is@@::D:\Workspace\sauceLabsSample\sauceLabs/Reports/Screenshots/Success/Android_Samsung Galaxy S8 GoogleAPI Emulator/30-09-2018
 2018-09-30 13:05:53,113  INFO [main] Log:15 - Screenshot location is:D:\Workspace\sauceLabsSample\sauceLabs/Reports/Screenshots/Success/Android_Samsung Galaxy S8 GoogleAPI Emulator/30-09-2018/WelcomeScreenSuite.testHomeScreen_TC_001 - 30-Sep-2018__01_05_53PM.jpg
 2018-09-30 13:05:53,494  INFO [main] Log:15 - Closing the driver instance...
 2018-09-30 13:05:55,409  INFO [main] Log:15 - On Test Finish Stage of Listener...
 2018-09-30 13:05:55,409  INFO [main] Log:15 - Total methods executed[Lorg.testng.ITestNGMethod;@4b3a45f1
 2018-09-30 13:05:55,410  INFO [main] Log:15 - Total Passed Tests[ResultMap map={[TestResult name=testHomeScreen_TC_001 status=SUCCESS method=WelcomeScreenSuite.testHomeScreen_TC_001()[pri:1, instance:com.kony.ktas.suites.WelcomeScreenSuite@6d4b1c02] output={null}]=WelcomeScreenSuite.testHomeScreen_TC_001()[pri:1, instance:com.kony.ktas.suites.WelcomeScreenSuite@6d4b1c02]}]
 2018-09-30 13:05:55,410  INFO [main] Log:15 - Total Failed Tests[ResultMap map={}]
 2018-09-30 13:05:55,410  INFO [main] Log:15 - Total skipped Tests[ResultMap map={}]
 2018-09-30 13:05:55,411  INFO [main] Log:15 - Name of the Author for Extent report is : 
 2018-09-30 13:05:55,411  INFO [main] Log:15 - Name of the Extent report is : Test Automation Report
 2018-09-30 13:18:47,232  INFO [main] Log:15 - **In on Start stage of Listener::..
 2018-09-30 13:18:47,235  INFO [main] Log:15 - Report path File from DB is:
 2018-09-30 13:18:47,235  INFO [main] Log:15 - Config File path from DB is:./Reports/ExtentReports/extent-config.xml
 2018-09-30 13:18:47,236  INFO [main] Log:15 - Type of application is::Mobile
 2018-09-30 13:18:47,236  INFO [main] Log:15 - Mobile device ID is::1
 2018-09-30 13:18:47,236  INFO [main] Log:15 - Mobile device OS is::Android
 2018-09-30 13:18:47,236  INFO [main] Log:15 - Mobile device id is::Samsung Galaxy S8 GoogleAPI Emulator
 2018-09-30 13:18:47,236  INFO [main] Log:15 - ReportDir:Android_Samsung Galaxy S8 GoogleAPI Emulator
 2018-09-30 13:18:47,361  INFO [main] Log:15 - Excel Report Directory is : 
 2018-09-30 13:18:47,363  INFO [main] Log:15 - Info of excel report:java.io.FileOutputStream@12d3a4e9
 2018-09-30 13:18:47,426  INFO [main] Log:15 - Testresultdata is::{1=[Ljava.lang.Object;@5119fb47}
 2018-09-30 13:18:47,435  INFO [main] Log:15 - Intiated Method to Launch the application on Saucelabs...
 2018-09-30 13:20:05,368  INFO [main] Log:15 - Param Constructor..
 2018-09-30 13:20:05,368  INFO [main] Log:15 - Param Constructor..
 2018-09-30 13:20:05,370  INFO [main] Log:15 - In Test Start state of Listener:...
 2018-09-30 13:20:05,371  INFO [main] Log:15 - The name of the testcase Started is :testHomeScreen_TC_001
 2018-09-30 13:20:05,373  INFO [main] Log:15 - Intiated Method to verify welcome screen..
 2018-09-30 13:20:09,883  INFO [main] Log:15 - Status of headerTxt is true
 2018-09-30 13:20:15,565  INFO [main] Log:15 - Status of subTxt_AreYouAnABO is true
 2018-09-30 13:20:19,513  INFO [main] Log:15 - Status of btnYes is true
 2018-09-30 13:20:24,181  INFO [main] Log:15 - Status of btnNO is true
 2018-09-30 13:20:24,185  INFO [main] Log:15 - Intiated method to click on No button in welcome screen..
 2018-09-30 13:20:24,185  INFO [main] Log:15 - Intiated Method to click on Element :: NoButton
 2018-09-30 13:20:30,401  INFO [main] Log:15 - The Name of the Testcase Passed is :testHomeScreen_TC_001
 2018-09-30 13:20:30,403  INFO [main] Log:15 - Intiated method to capture screen shot after Test PASS
 2018-09-30 13:20:31,414  INFO [main] Log:15 - ****Mobile Driver instance in screenshot is........:Android: null
 2018-09-30 13:20:54,444  INFO [main] Log:15 - Source file isC:\Users\KIT966\AppData\Local\Temp\screenshot901031778412060233.png
 2018-09-30 13:20:54,445  INFO [main] Log:15 - ****Dest Pass Directory from DB is****::
 2018-09-30 13:20:54,445  INFO [main] Log:15 - Destination Screenshot Report Directory is:Android_Samsung Galaxy S8 GoogleAPI Emulator
 2018-09-30 13:20:54,445  INFO [main] Log:15 - @@destDir Location is@@::D:\Workspace\sauceLabsSample\sauceLabs/Reports/Screenshots/Success/Android_Samsung Galaxy S8 GoogleAPI Emulator/30-09-2018
 2018-09-30 13:20:54,445  INFO [main] Log:15 - Screenshot location is:D:\Workspace\sauceLabsSample\sauceLabs/Reports/Screenshots/Success/Android_Samsung Galaxy S8 GoogleAPI Emulator/30-09-2018/WelcomeScreenSuite.testHomeScreen_TC_001 - 30-Sep-2018__01_20_54PM.jpg
 2018-09-30 13:21:02,199  INFO [main] Log:15 - Closing the driver instance...
 2018-09-30 13:21:04,031  INFO [main] Log:15 - On Test Finish Stage of Listener...
 2018-09-30 13:21:04,031  INFO [main] Log:15 - Total methods executed[Lorg.testng.ITestNGMethod;@39ad977d
 2018-09-30 13:21:04,032  INFO [main] Log:15 - Total Passed Tests[ResultMap map={[TestResult name=testHomeScreen_TC_001 status=SUCCESS method=WelcomeScreenSuite.testHomeScreen_TC_001()[pri:1, instance:com.kony.ktas.suites.WelcomeScreenSuite@6d4b1c02] output={null}]=WelcomeScreenSuite.testHomeScreen_TC_001()[pri:1, instance:com.kony.ktas.suites.WelcomeScreenSuite@6d4b1c02]}]
 2018-09-30 13:21:04,032  INFO [main] Log:15 - Total Failed Tests[ResultMap map={}]
 2018-09-30 13:21:04,032  INFO [main] Log:15 - Total skipped Tests[ResultMap map={}]
 2018-09-30 13:21:04,033  INFO [main] Log:15 - Name of the Author for Extent report is : 
 2018-09-30 13:21:04,033  INFO [main] Log:15 - Name of the Extent report is : Test Automation Report
 2018-09-30 13:33:46,244  INFO [main] Log:15 - **In on Start stage of Listener::..
 2018-09-30 13:33:46,247  INFO [main] Log:15 - Report path File from DB is:
 2018-09-30 13:33:46,247  INFO [main] Log:15 - Config File path from DB is:./Reports/ExtentReports/extent-config.xml
 2018-09-30 13:33:46,247  INFO [main] Log:15 - Type of application is::Mobile
 2018-09-30 13:33:46,248  INFO [main] Log:15 - Mobile device ID is::1
 2018-09-30 13:33:46,248  INFO [main] Log:15 - Mobile device OS is::Android
 2018-09-30 13:33:46,248  INFO [main] Log:15 - Mobile device id is::Samsung Galaxy S8 GoogleAPI Emulator
 2018-09-30 13:33:46,248  INFO [main] Log:15 - ReportDir:Android_Samsung Galaxy S8 GoogleAPI Emulator
 2018-09-30 13:33:46,377  INFO [main] Log:15 - Excel Report Directory is : 
 2018-09-30 13:33:46,378  INFO [main] Log:15 - Info of excel report:java.io.FileOutputStream@7920ba90
 2018-09-30 13:33:46,529  INFO [main] Log:15 - Testresultdata is::{1=[Ljava.lang.Object;@441772e}
 2018-09-30 13:33:46,540  INFO [main] Log:15 - Intiated Method to Launch the application on Saucelabs...
 2018-09-30 13:34:58,976  INFO [main] Log:15 - Param Constructor..
 2018-09-30 13:34:58,978  INFO [main] Log:15 - Param Constructor..
 2018-09-30 13:34:58,981  INFO [main] Log:15 - In Test Start state of Listener:...
 2018-09-30 13:34:58,981  INFO [main] Log:15 - The name of the testcase Started is :testHomeScreen_TC_001
 2018-09-30 13:34:58,984  INFO [main] Log:15 - Intiated Method to verify welcome screen..
 2018-09-30 13:35:04,504  INFO [main] Log:15 - Status of headerTxt is true
 2018-09-30 13:35:08,075  INFO [main] Log:15 - Status of subTxt_AreYouAnABO is true
 2018-09-30 13:35:12,889  INFO [main] Log:15 - Status of btnYes is true
 2018-09-30 13:35:16,982  INFO [main] Log:15 - Status of btnNO is true
 2018-09-30 13:35:16,990  INFO [main] Log:15 - Intiated method to click on No button in welcome screen..
 2018-09-30 13:35:16,991  INFO [main] Log:15 - Intiated Method to click on Element :: NoButton
 2018-09-30 13:35:23,298  INFO [main] Log:15 - The Name of the Testcase Passed is :testHomeScreen_TC_001
 2018-09-30 13:35:23,961  INFO [main] Log:15 - Getting Driver Instance from MobileBaseUtils: Android: null
 2018-09-30 13:35:23,961  INFO [main] Log:15 - Intiated method to capture screen shot after Test PASS
 2018-09-30 13:35:24,617  INFO [main] Log:15 - ****Mobile Driver instance in screenshot is........:Android: null
 2018-09-30 13:35:48,813  INFO [main] Log:15 - Source file isC:\Users\KIT966\AppData\Local\Temp\screenshot7115936980677056417.png
 2018-09-30 13:35:48,814  INFO [main] Log:15 - ****Dest Pass Directory from DB is****::
 2018-09-30 13:35:48,814  INFO [main] Log:15 - Destination Screenshot Report Directory is:Android_Samsung Galaxy S8 GoogleAPI Emulator
 2018-09-30 13:35:48,814  INFO [main] Log:15 - @@destDir Location is@@::D:\Workspace\sauceLabsSample\sauceLabs/Reports/Screenshots/Success/Android_Samsung Galaxy S8 GoogleAPI Emulator/30-09-2018
 2018-09-30 13:35:48,814  INFO [main] Log:15 - Screenshot location is:D:\Workspace\sauceLabsSample\sauceLabs/Reports/Screenshots/Success/Android_Samsung Galaxy S8 GoogleAPI Emulator/30-09-2018/WelcomeScreenSuite.testHomeScreen_TC_001 - 30-Sep-2018__01_35_48PM.jpg
 2018-09-30 13:35:49,200  INFO [main] Log:15 - Closing the driver instance...
 2018-09-30 13:35:51,066  INFO [main] Log:15 - On Test Finish Stage of Listener...
 2018-09-30 13:35:51,067  INFO [main] Log:15 - Total methods executed[Lorg.testng.ITestNGMethod;@5bc9ba1d
 2018-09-30 13:35:51,067  INFO [main] Log:15 - Total Passed Tests[ResultMap map={[TestResult name=testHomeScreen_TC_001 status=SUCCESS method=WelcomeScreenSuite.testHomeScreen_TC_001()[pri:1, instance:com.kony.ktas.suites.WelcomeScreenSuite@14bf9759] output={null}]=WelcomeScreenSuite.testHomeScreen_TC_001()[pri:1, instance:com.kony.ktas.suites.WelcomeScreenSuite@14bf9759]}]
 2018-09-30 13:35:51,068  INFO [main] Log:15 - Total Failed Tests[ResultMap map={}]
 2018-09-30 13:35:51,068  INFO [main] Log:15 - Total skipped Tests[ResultMap map={}]
 2018-09-30 13:35:51,068  INFO [main] Log:15 - Name of the Author for Extent report is : 
 2018-09-30 13:35:51,068  INFO [main] Log:15 - Name of the Extent report is : Test Automation Report
 2018-09-30 13:43:34,015  INFO [main] Log:15 - **In on Start stage of Listener::..
 2018-09-30 13:43:34,018  INFO [main] Log:15 - Report path File from DB is:
 2018-09-30 13:43:34,019  INFO [main] Log:15 - Config File path from DB is:./Reports/ExtentReports/extent-config.xml
 2018-09-30 13:43:34,019  INFO [main] Log:15 - Type of application is::Mobile
 2018-09-30 13:43:34,019  INFO [main] Log:15 - Mobile device ID is::1
 2018-09-30 13:43:34,019  INFO [main] Log:15 - Mobile device OS is::Android
 2018-09-30 13:43:34,020  INFO [main] Log:15 - Mobile device id is::Samsung Galaxy S8 GoogleAPI Emulator
 2018-09-30 13:43:34,020  INFO [main] Log:15 - ReportDir:Android_Samsung Galaxy S8 GoogleAPI Emulator
 2018-09-30 13:43:34,149  INFO [main] Log:15 - Excel Report Directory is : 
 2018-09-30 13:43:34,149  INFO [main] Log:15 - Info of excel report:java.io.FileOutputStream@7920ba90
 2018-09-30 13:43:34,214  INFO [main] Log:15 - Testresultdata is::{1=[Ljava.lang.Object;@441772e}
 2018-09-30 13:43:34,229  INFO [main] Log:15 - Intiated Method to Launch the application on Saucelabs...
 2018-09-30 13:44:52,254  INFO [main] Log:15 - Param Constructor..
 2018-09-30 13:44:52,256  INFO [main] Log:15 - Param Constructor..
 2018-09-30 13:44:52,258  INFO [main] Log:15 - In Test Start state of Listener:...
 2018-09-30 13:44:52,259  INFO [main] Log:15 - The name of the testcase Started is :testHomeScreen_TC_001
 2018-09-30 13:44:52,261  INFO [main] Log:15 - Intiated Method to verify welcome screen..
 2018-09-30 13:44:57,674  INFO [main] Log:15 - Status of headerTxt is true
 2018-09-30 13:45:02,899  INFO [main] Log:15 - Status of subTxt_AreYouAnABO is true
 2018-09-30 13:45:06,455  INFO [main] Log:15 - Status of btnYes is true
 2018-09-30 13:45:13,681  INFO [main] Log:15 - Status of btnNO is true
 2018-09-30 13:45:13,691  INFO [main] Log:15 - Intiated method to click on No button in welcome screen..
 2018-09-30 13:45:13,691  INFO [main] Log:15 - Intiated Method to click on Element :: NoButton
 2018-09-30 13:45:22,610  INFO [main] Log:15 - The Name of the Testcase Passed is :testHomeScreen_TC_001
 2018-09-30 13:45:22,611  INFO [main] Log:15 - Intiated method to capture screen shot after Test PASS
 2018-09-30 13:45:43,003  INFO [main] Log:15 - Source file isC:\Users\KIT966\AppData\Local\Temp\screenshot3130975262663343634.png
 2018-09-30 13:45:43,004  INFO [main] Log:15 - ****Dest Pass Directory from DB is****::
 2018-09-30 13:45:43,004  INFO [main] Log:15 - Destination Screenshot Report Directory is:Android_Samsung Galaxy S8 GoogleAPI Emulator
 2018-09-30 13:45:43,005  INFO [main] Log:15 - @@destDir Location is@@::D:\Workspace\sauceLabsSample\sauceLabs/Reports/Screenshots/Success/Android_Samsung Galaxy S8 GoogleAPI Emulator/30-09-2018
 2018-09-30 13:45:43,007  INFO [main] Log:15 - Screenshot location is:D:\Workspace\sauceLabsSample\sauceLabs/Reports/Screenshots/Success/Android_Samsung Galaxy S8 GoogleAPI Emulator/30-09-2018/WelcomeScreenSuite.testHomeScreen_TC_001 - 30-Sep-2018__01_45_43PM.jpg
 2018-09-30 13:45:43,345  INFO [main] Log:15 - Closing the driver instance...
 2018-09-30 13:45:45,123  INFO [main] Log:15 - On Test Finish Stage of Listener...
 2018-09-30 13:45:45,123  INFO [main] Log:15 - Total methods executed[Lorg.testng.ITestNGMethod;@1a7288a3
 2018-09-30 13:45:45,124  INFO [main] Log:15 - Total Passed Tests[ResultMap map={[TestResult name=testHomeScreen_TC_001 status=SUCCESS method=WelcomeScreenSuite.testHomeScreen_TC_001()[pri:1, instance:com.kony.ktas.suites.WelcomeScreenSuite@14bf9759] output={null}]=WelcomeScreenSuite.testHomeScreen_TC_001()[pri:1, instance:com.kony.ktas.suites.WelcomeScreenSuite@14bf9759]}]
 2018-09-30 13:45:45,124  INFO [main] Log:15 - Total Failed Tests[ResultMap map={}]
 2018-09-30 13:45:45,124  INFO [main] Log:15 - Total skipped Tests[ResultMap map={}]
 2018-09-30 13:45:45,125  INFO [main] Log:15 - Name of the Author for Extent report is : 
 2018-09-30 13:45:45,125  INFO [main] Log:15 - Name of the Extent report is : Test Automation Report
 2018-09-30 13:45:45,125  INFO [main] Log:15 - Name of the paltform is : Android
 2018-09-30 13:45:45,126  INFO [main] Log:15 - Package name from Propefile is :id
 2018-09-30 13:45:45,302  INFO [main] Log:15 - Listener is flushed
 2018-09-30 13:45:45,334  INFO [main] Log:15 - Listener is closed
 2018-09-30 13:45:45,342  INFO [main] Log:15 - Row Index to be Bold is::0
 2018-09-30 13:45:45,345  INFO [main] Log:15 - Row Index to be Bold is::0
 2018-09-30 13:45:45,345  INFO [main] Log:15 - Row Index to be Bold is::0
 2018-09-30 13:45:45,346  INFO [main] Log:15 - Row Index to be Bold is::0
 